--------------------------------------------------------------------------------
Release 14.5 Trace  (nt64)
Copyright (c) 1995-2012 Xilinx, Inc.  All rights reserved.

C:\Xilinx\14.5\ISE_DS\ISE\bin\nt64\unwrapped\trce.exe -intstyle ise -v 3 -s 5
-n 3 -fastpaths -xml TecladoArq.twx TecladoArq.ncd -o TecladoArq.twr
TecladoArq.pcf -ucf tecladoConstraints.ucf

Design file:              TecladoArq.ncd
Physical constraint file: TecladoArq.pcf
Device,package,speed:     xc3s500e,fg320,-5 (PRODUCTION 1.27 2013-03-26)
Report level:             verbose report

Environment Variable      Effect 
--------------------      ------ 
NONE                      No environment variables were set
--------------------------------------------------------------------------------

INFO:Timing:2698 - No timing constraints found, doing default enumeration.
INFO:Timing:3412 - To improve timing, see the Timing Closure User Guide (UG612).
INFO:Timing:2752 - To get complete path coverage, use the unconstrained paths 
   option. All paths that are not constrained will be reported in the 
   unconstrained paths section(s) of the report.
INFO:Timing:3339 - The clock-to-out numbers in this timing report are based on 
   a 50 Ohm transmission line loading model.  For the details of this model, 
   and for more information on accounting for different loading conditions, 
   please see the device datasheet.
INFO:Timing:3390 - This architecture does not support a default System Jitter 
   value, please add SYSTEM_JITTER constraint to the UCF to modify the Clock 
   Uncertainty calculation.
INFO:Timing:3389 - This architecture does not support 'Discrete Jitter' and 
   'Phase Error' calculations, these terms will be zero in the Clock 
   Uncertainty calculation.  Please make appropriate modification to 
   SYSTEM_JITTER to account for the unsupported Discrete Jitter and Phase 
   Error.



Data Sheet report:
-----------------
All values displayed in nanoseconds (ns)

Clock clk to Pad
------------+------------+------------------+--------+
            | clk (edge) |                  | Clock  |
Destination |   to PAD   |Internal Clock(s) | Phase  |
------------+------------+------------------+--------+
an<0>       |    7.987(R)|clk_BUFGP         |   0.000|
an<1>       |    7.987(R)|clk_BUFGP         |   0.000|
sseg<7>     |    7.376(R)|clk_BUFGP         |   0.000|
------------+------------+------------------+--------+

Clock to Setup on destination clock clk
---------------+---------+---------+---------+---------+
               | Src:Rise| Src:Fall| Src:Rise| Src:Fall|
Source Clock   |Dest:Rise|Dest:Rise|Dest:Fall|Dest:Fall|
---------------+---------+---------+---------+---------+
clk            |    2.920|         |         |         |
---------------+---------+---------+---------+---------+

Pad to Pad
---------------+---------------+---------+
Source Pad     |Destination Pad|  Delay  |
---------------+---------------+---------+
tecladoOut<0>  |sseg<0>        |    9.237|
tecladoOut<0>  |sseg<1>        |    8.746|
tecladoOut<0>  |sseg<2>        |    9.149|
tecladoOut<0>  |sseg<3>        |    9.002|
tecladoOut<0>  |sseg<4>        |   10.328|
tecladoOut<0>  |sseg<5>        |    8.913|
tecladoOut<0>  |sseg<6>        |    8.434|
tecladoOut<1>  |sseg<0>        |    9.253|
tecladoOut<1>  |sseg<1>        |    8.913|
tecladoOut<1>  |sseg<2>        |    9.188|
tecladoOut<1>  |sseg<3>        |    9.169|
tecladoOut<1>  |sseg<4>        |   10.500|
tecladoOut<1>  |sseg<5>        |    9.085|
tecladoOut<1>  |sseg<6>        |    8.473|
tecladoOut<2>  |sseg<0>        |    8.565|
tecladoOut<2>  |sseg<1>        |    8.185|
tecladoOut<2>  |sseg<2>        |    8.527|
tecladoOut<2>  |sseg<3>        |    8.441|
tecladoOut<2>  |sseg<4>        |    9.801|
tecladoOut<2>  |sseg<5>        |    8.386|
tecladoOut<2>  |sseg<6>        |    7.812|
tecladoOut<3>  |sseg<0>        |    9.691|
tecladoOut<3>  |sseg<1>        |    9.152|
tecladoOut<3>  |sseg<2>        |    9.659|
tecladoOut<3>  |sseg<3>        |    9.408|
tecladoOut<3>  |sseg<4>        |   10.790|
tecladoOut<3>  |sseg<5>        |    9.375|
tecladoOut<3>  |sseg<6>        |    8.944|
---------------+---------------+---------+


Analysis completed Mon Sep 10 12:41:23 2018 
--------------------------------------------------------------------------------

Trace Settings:
-------------------------
Trace Settings 

Peak Memory Usage: 164 MB



