Running: C:\Xilinx\14.7\ISE_DS\ISE\bin\nt64\unwrapped\fuse.exe -intstyle ise -incremental -o C:/Users/aula2.ELE/Desktop/teclado/TESTZAO_isim_beh.exe -prj C:/Users/aula2.ELE/Desktop/teclado/TESTZAO_beh.prj work.TESTZAO 
ISim P.20131013 (signature 0x7708f090)
Number of CPUs detected in this system: 8
Turning on mult-threading, number of parallel sub-compilation jobs: 16 
Determining compilation order of HDL files
Parsing VHDL file "C:/Users/aula2.ELE/Desktop/teclado/TrabalhoFinalCompDig.vhd" into library work
Parsing VHDL file "C:/Users/aula2.ELE/Desktop/teclado/TESTZAO.vhd" into library work
Starting static elaboration
Completed static elaboration
Compiling package standard
Compiling package std_logic_1164
Compiling package numeric_std
Compiling architecture behavioral of entity TrabalhoFinalCompDig [trabalhofinalcompdig_default]
Compiling architecture behavior of entity testzao
Time Resolution for simulation is 1ps.
Waiting for 1 sub-compilation(s) to finish...
Compiled 6 VHDL Units
Built simulation executable C:/Users/aula2.ELE/Desktop/teclado/TESTZAO_isim_beh.exe
Fuse Memory Usage: 36328 KB
Fuse CPU Usage: 623 ms
