Release 14.7 - xst P.20131013 (nt64)
Copyright (c) 1995-2013 Xilinx, Inc.  All rights reserved.
--> Parameter TMPDIR set to xst/projnav.tmp


Total REAL time to Xst completion: 0.00 secs
Total CPU time to Xst completion: 0.15 secs
 
--> Parameter xsthdpdir set to xst


Total REAL time to Xst completion: 0.00 secs
Total CPU time to Xst completion: 0.16 secs
 
--> Reading design: TrabalhoFinalCompDig.prj

TABLE OF CONTENTS
  1) Synthesis Options Summary
  2) HDL Compilation
  3) Design Hierarchy Analysis
  4) HDL Analysis
  5) HDL Synthesis
     5.1) HDL Synthesis Report
  6) Advanced HDL Synthesis
     6.1) Advanced HDL Synthesis Report
  7) Low Level Synthesis
  8) Partition Report
  9) Final Report
	9.1) Device utilization summary
	9.2) Partition Resource Summary
	9.3) TIMING REPORT


=========================================================================
*                      Synthesis Options Summary                        *
=========================================================================
---- Source Parameters
Input File Name                    : "TrabalhoFinalCompDig.prj"
Input Format                       : mixed
Ignore Synthesis Constraint File   : NO

---- Target Parameters
Output File Name                   : "TrabalhoFinalCompDig"
Output Format                      : NGC
Target Device                      : xc3s500e-5-fg320

---- Source Options
Top Module Name                    : TrabalhoFinalCompDig
Automatic FSM Extraction           : YES
FSM Encoding Algorithm             : Auto
Safe Implementation                : No
FSM Style                          : LUT
RAM Extraction                     : Yes
RAM Style                          : Auto
ROM Extraction                     : Yes
Mux Style                          : Auto
Decoder Extraction                 : YES
Priority Encoder Extraction        : Yes
Shift Register Extraction          : YES
Logical Shifter Extraction         : YES
XOR Collapsing                     : YES
ROM Style                          : Auto
Mux Extraction                     : Yes
Resource Sharing                   : YES
Asynchronous To Synchronous        : NO
Multiplier Style                   : Auto
Automatic Register Balancing       : No

---- Target Options
Add IO Buffers                     : YES
Global Maximum Fanout              : 100000
Add Generic Clock Buffer(BUFG)     : 24
Register Duplication               : YES
Slice Packing                      : YES
Optimize Instantiated Primitives   : NO
Use Clock Enable                   : Yes
Use Synchronous Set                : Yes
Use Synchronous Reset              : Yes
Pack IO Registers into IOBs        : Auto
Equivalent register Removal        : YES

---- General Options
Optimization Goal                  : Speed
Optimization Effort                : 1
Keep Hierarchy                     : No
Netlist Hierarchy                  : As_Optimized
RTL Output                         : Yes
Global Optimization                : AllClockNets
Read Cores                         : YES
Write Timing Constraints           : NO
Cross Clock Analysis               : NO
Hierarchy Separator                : /
Bus Delimiter                      : <>
Case Specifier                     : Maintain
Slice Utilization Ratio            : 100
BRAM Utilization Ratio             : 100
Verilog 2001                       : YES
Auto BRAM Packing                  : NO
Slice Utilization Ratio Delta      : 5

=========================================================================


=========================================================================
*                          HDL Compilation                              *
=========================================================================
Compiling vhdl file "C:/Users/aula2.ELE/Desktop/teclado/TrabalhoFinalCompDig.vhd" in Library work.
Entity <trabalhofinalcompdig> compiled.
Entity <trabalhofinalcompdig> (Architecture <behavioral>) compiled.

=========================================================================
*                     Design Hierarchy Analysis                         *
=========================================================================
Analyzing hierarchy for entity <TrabalhoFinalCompDig> in library <work> (architecture <behavioral>).


=========================================================================
*                            HDL Analysis                               *
=========================================================================
Analyzing Entity <TrabalhoFinalCompDig> in library <work> (Architecture <behavioral>).
Entity <TrabalhoFinalCompDig> analyzed. Unit <TrabalhoFinalCompDig> generated.


=========================================================================
*                           HDL Synthesis                               *
=========================================================================

Performing bidirectional port resolution...

Synthesizing Unit <TrabalhoFinalCompDig>.
    Related source file is "C:/Users/aula2.ELE/Desktop/teclado/TrabalhoFinalCompDig.vhd".
WARNING:Xst:647 - Input <reset> is never used. This port will be preserved and left unconnected if it belongs to a top-level block or it belongs to a sub-block and the hierarchy of this sub-block is preserved.
    Found 1-bit register for signal <CLK_1HZ>.
    Found 32-bit comparator greatequal for signal <CLK_1HZ$cmp_ge0000> created at line 49.
    Found 32-bit up counter for signal <oneSecondCounter>.
    Found 32-bit adder for signal <oneSecondCounter$add0000> created at line 47.
    Found 32-bit comparator greatequal for signal <oneSecondCounter$and0000>.
    Summary:
	inferred   1 Counter(s).
	inferred   1 D-type flip-flop(s).
	inferred   1 Adder/Subtractor(s).
	inferred   2 Comparator(s).
Unit <TrabalhoFinalCompDig> synthesized.


=========================================================================
HDL Synthesis Report

Macro Statistics
# Adders/Subtractors                                   : 1
 32-bit adder                                          : 1
# Counters                                             : 1
 32-bit up counter                                     : 1
# Registers                                            : 1
 1-bit register                                        : 1
# Comparators                                          : 2
 32-bit comparator greatequal                          : 2

=========================================================================

=========================================================================
*                       Advanced HDL Synthesis                          *
=========================================================================


=========================================================================
Advanced HDL Synthesis Report

Macro Statistics
# Adders/Subtractors                                   : 1
 32-bit adder                                          : 1
# Counters                                             : 1
 32-bit up counter                                     : 1
# Registers                                            : 1
 Flip-Flops                                            : 1
# Comparators                                          : 2
 32-bit comparator greatequal                          : 2

=========================================================================

=========================================================================
*                         Low Level Synthesis                           *
=========================================================================

Optimizing unit <TrabalhoFinalCompDig> ...

Mapping all equations...
Building and optimizing final netlist ...
Found area constraint ratio of 100 (+ 5) on block TrabalhoFinalCompDig, actual ratio is 1.

Final Macro Processing ...

=========================================================================
Final Register Report

Macro Statistics
# Registers                                            : 33
 Flip-Flops                                            : 33

=========================================================================

=========================================================================
*                           Partition Report                            *
=========================================================================

Partition Implementation Status
-------------------------------

  No Partitions were found in this design.

-------------------------------

=========================================================================
*                            Final Report                               *
=========================================================================
Final Results
RTL Top Level Output File Name     : TrabalhoFinalCompDig.ngr
Top Level Output File Name         : TrabalhoFinalCompDig
Output Format                      : NGC
Optimization Goal                  : Speed
Keep Hierarchy                     : No

Design Statistics
# IOs                              : 3

Cell Usage :
# BELS                             : 229
#      GND                         : 1
#      INV                         : 4
#      LUT1                        : 63
#      LUT2                        : 2
#      LUT3                        : 1
#      LUT4                        : 14
#      MUXCY                       : 79
#      VCC                         : 1
#      XORCY                       : 64
# FlipFlops/Latches                : 33
#      FDR                         : 31
#      FDRS                        : 1
#      FDSE_1                      : 1
# Clock Buffers                    : 1
#      BUFGP                       : 1
# IO Buffers                       : 1
#      OBUF                        : 1
=========================================================================

Device utilization summary:
---------------------------

Selected Device : 3s500efg320-5 

 Number of Slices:                       56  out of   4656     1%  
 Number of Slice Flip Flops:             33  out of   9312     0%  
 Number of 4 input LUTs:                 84  out of   9312     0%  
 Number of IOs:                           3
 Number of bonded IOBs:                   2  out of    232     0%  
 Number of GCLKs:                         1  out of     24     4%  

---------------------------
Partition Resource Summary:
---------------------------

  No Partitions were found in this design.

---------------------------


=========================================================================
TIMING REPORT

NOTE: THESE TIMING NUMBERS ARE ONLY A SYNTHESIS ESTIMATE.
      FOR ACCURATE TIMING INFORMATION PLEASE REFER TO THE TRACE REPORT
      GENERATED AFTER PLACE-and-ROUTE.

Clock Information:
------------------
-----------------------------------+------------------------+-------+
Clock Signal                       | Clock buffer(FF name)  | Load  |
-----------------------------------+------------------------+-------+
CLK_50MHZ                          | BUFGP                  | 33    |
-----------------------------------+------------------------+-------+

Asynchronous Control Signals Information:
----------------------------------------
No asynchronous control signals found in this design

Timing Summary:
---------------
Speed Grade: -5

   Minimum period: 8.984ns (Maximum Frequency: 111.309MHz)
   Minimum input arrival time before clock: No path found
   Maximum output required time after clock: 4.040ns
   Maximum combinational path delay: No path found

Timing Detail:
--------------
All values displayed in nanoseconds (ns)

=========================================================================
Timing constraint: Default period analysis for Clock 'CLK_50MHZ'
  Clock period: 8.984ns (frequency: 111.309MHz)
  Total number of paths / destination ports: 35700 / 67
-------------------------------------------------------------------------
Delay:               8.984ns (Levels of Logic = 33)
  Source:            oneSecondCounter_1 (FF)
  Destination:       oneSecondCounter_0 (FF)
  Source Clock:      CLK_50MHZ falling
  Destination Clock: CLK_50MHZ falling

  Data Path: oneSecondCounter_1 to oneSecondCounter_0
                                Gate     Net
    Cell:in->out      fanout   Delay   Delay  Logical Name (Net Name)
    ----------------------------------------  ------------
     FDR:C->Q              2   0.514   0.532  oneSecondCounter_1 (oneSecondCounter_1)
     LUT1:I0->O            1   0.612   0.000  Madd_oneSecondCounter_add0000_cy<1>_rt (Madd_oneSecondCounter_add0000_cy<1>_rt)
     MUXCY:S->O            1   0.404   0.000  Madd_oneSecondCounter_add0000_cy<1> (Madd_oneSecondCounter_add0000_cy<1>)
     MUXCY:CI->O           1   0.051   0.000  Madd_oneSecondCounter_add0000_cy<2> (Madd_oneSecondCounter_add0000_cy<2>)
     MUXCY:CI->O           1   0.051   0.000  Madd_oneSecondCounter_add0000_cy<3> (Madd_oneSecondCounter_add0000_cy<3>)
     MUXCY:CI->O           1   0.051   0.000  Madd_oneSecondCounter_add0000_cy<4> (Madd_oneSecondCounter_add0000_cy<4>)
     MUXCY:CI->O           1   0.051   0.000  Madd_oneSecondCounter_add0000_cy<5> (Madd_oneSecondCounter_add0000_cy<5>)
     MUXCY:CI->O           1   0.051   0.000  Madd_oneSecondCounter_add0000_cy<6> (Madd_oneSecondCounter_add0000_cy<6>)
     MUXCY:CI->O           1   0.051   0.000  Madd_oneSecondCounter_add0000_cy<7> (Madd_oneSecondCounter_add0000_cy<7>)
     MUXCY:CI->O           1   0.051   0.000  Madd_oneSecondCounter_add0000_cy<8> (Madd_oneSecondCounter_add0000_cy<8>)
     MUXCY:CI->O           1   0.051   0.000  Madd_oneSecondCounter_add0000_cy<9> (Madd_oneSecondCounter_add0000_cy<9>)
     MUXCY:CI->O           1   0.051   0.000  Madd_oneSecondCounter_add0000_cy<10> (Madd_oneSecondCounter_add0000_cy<10>)
     MUXCY:CI->O           1   0.051   0.000  Madd_oneSecondCounter_add0000_cy<11> (Madd_oneSecondCounter_add0000_cy<11>)
     MUXCY:CI->O           1   0.051   0.000  Madd_oneSecondCounter_add0000_cy<12> (Madd_oneSecondCounter_add0000_cy<12>)
     MUXCY:CI->O           1   0.051   0.000  Madd_oneSecondCounter_add0000_cy<13> (Madd_oneSecondCounter_add0000_cy<13>)
     MUXCY:CI->O           1   0.051   0.000  Madd_oneSecondCounter_add0000_cy<14> (Madd_oneSecondCounter_add0000_cy<14>)
     MUXCY:CI->O           1   0.051   0.000  Madd_oneSecondCounter_add0000_cy<15> (Madd_oneSecondCounter_add0000_cy<15>)
     MUXCY:CI->O           1   0.051   0.000  Madd_oneSecondCounter_add0000_cy<16> (Madd_oneSecondCounter_add0000_cy<16>)
     MUXCY:CI->O           1   0.051   0.000  Madd_oneSecondCounter_add0000_cy<17> (Madd_oneSecondCounter_add0000_cy<17>)
     MUXCY:CI->O           1   0.051   0.000  Madd_oneSecondCounter_add0000_cy<18> (Madd_oneSecondCounter_add0000_cy<18>)
     MUXCY:CI->O           1   0.051   0.000  Madd_oneSecondCounter_add0000_cy<19> (Madd_oneSecondCounter_add0000_cy<19>)
     MUXCY:CI->O           1   0.051   0.000  Madd_oneSecondCounter_add0000_cy<20> (Madd_oneSecondCounter_add0000_cy<20>)
     MUXCY:CI->O           1   0.051   0.000  Madd_oneSecondCounter_add0000_cy<21> (Madd_oneSecondCounter_add0000_cy<21>)
     MUXCY:CI->O           1   0.051   0.000  Madd_oneSecondCounter_add0000_cy<22> (Madd_oneSecondCounter_add0000_cy<22>)
     MUXCY:CI->O           1   0.051   0.000  Madd_oneSecondCounter_add0000_cy<23> (Madd_oneSecondCounter_add0000_cy<23>)
     MUXCY:CI->O           1   0.051   0.000  Madd_oneSecondCounter_add0000_cy<24> (Madd_oneSecondCounter_add0000_cy<24>)
     MUXCY:CI->O           1   0.051   0.000  Madd_oneSecondCounter_add0000_cy<25> (Madd_oneSecondCounter_add0000_cy<25>)
     MUXCY:CI->O           1   0.051   0.000  Madd_oneSecondCounter_add0000_cy<26> (Madd_oneSecondCounter_add0000_cy<26>)
     MUXCY:CI->O           1   0.051   0.000  Madd_oneSecondCounter_add0000_cy<27> (Madd_oneSecondCounter_add0000_cy<27>)
     XORCY:CI->O           2   0.699   0.532  Madd_oneSecondCounter_add0000_xor<28> (oneSecondCounter_add0000<28>)
     LUT3:I0->O            1   0.612   0.000  Mcompar_oneSecondCounter_and0000_lut<7> (Mcompar_oneSecondCounter_and0000_lut<7>)
     MUXCY:S->O            1   0.404   0.000  Mcompar_oneSecondCounter_and0000_cy<7> (Mcompar_oneSecondCounter_and0000_cy<7>)
     MUXCY:CI->O           4   0.289   0.568  Mcompar_oneSecondCounter_and0000_cy<8> (oneSecondCounter_and0000)
     LUT2:I1->O           31   0.612   1.073  Mcount_oneSecondCounter_val311 (Mcount_oneSecondCounter_val)
     FDR:R                     0.795          oneSecondCounter_0
    ----------------------------------------
    Total                      8.984ns (6.280ns logic, 2.704ns route)
                                       (69.9% logic, 30.1% route)

=========================================================================
Timing constraint: Default OFFSET OUT AFTER for Clock 'CLK_50MHZ'
  Total number of paths / destination ports: 1 / 1
-------------------------------------------------------------------------
Offset:              4.040ns (Levels of Logic = 1)
  Source:            CLK_1HZ (FF)
  Destination:       CLK_1HZ (PAD)
  Source Clock:      CLK_50MHZ falling

  Data Path: CLK_1HZ to CLK_1HZ
                                Gate     Net
    Cell:in->out      fanout   Delay   Delay  Logical Name (Net Name)
    ----------------------------------------  ------------
     FDSE_1:C->Q           1   0.514   0.357  CLK_1HZ (CLK_1HZ_OBUF)
     OBUF:I->O                 3.169          CLK_1HZ_OBUF (CLK_1HZ)
    ----------------------------------------
    Total                      4.040ns (3.683ns logic, 0.357ns route)
                                       (91.2% logic, 8.8% route)

=========================================================================


Total REAL time to Xst completion: 6.00 secs
Total CPU time to Xst completion: 5.45 secs
 
--> 

Total memory usage is 257916 kilobytes

Number of errors   :    0 (   0 filtered)
Number of warnings :    1 (   0 filtered)
Number of infos    :    0 (   0 filtered)

