Release 14.5 - xst P.58f (nt64)
Copyright (c) 1995-2012 Xilinx, Inc.  All rights reserved.
--> Parameter TMPDIR set to xst/projnav.tmp


Total REAL time to Xst completion: 0.00 secs
Total CPU time to Xst completion: 0.13 secs
 
--> Parameter xsthdpdir set to xst


Total REAL time to Xst completion: 0.00 secs
Total CPU time to Xst completion: 0.13 secs
 
--> Reading design: ADC.prj

TABLE OF CONTENTS
  1) Synthesis Options Summary
  2) HDL Compilation
  3) Design Hierarchy Analysis
  4) HDL Analysis
  5) HDL Synthesis
     5.1) HDL Synthesis Report
  6) Advanced HDL Synthesis
     6.1) Advanced HDL Synthesis Report
  7) Low Level Synthesis
  8) Partition Report
  9) Final Report
	9.1) Device utilization summary
	9.2) Partition Resource Summary
	9.3) TIMING REPORT


=========================================================================
*                      Synthesis Options Summary                        *
=========================================================================
---- Source Parameters
Input File Name                    : "ADC.prj"
Input Format                       : mixed
Ignore Synthesis Constraint File   : NO

---- Target Parameters
Output File Name                   : "ADC"
Output Format                      : NGC
Target Device                      : xc3s500e-4-fg320

---- Source Options
Top Module Name                    : ADC
Automatic FSM Extraction           : YES
FSM Encoding Algorithm             : Auto
Safe Implementation                : No
FSM Style                          : LUT
RAM Extraction                     : Yes
RAM Style                          : Auto
ROM Extraction                     : Yes
Mux Style                          : Auto
Decoder Extraction                 : YES
Priority Encoder Extraction        : Yes
Shift Register Extraction          : YES
Logical Shifter Extraction         : YES
XOR Collapsing                     : YES
ROM Style                          : Auto
Mux Extraction                     : Yes
Resource Sharing                   : YES
Asynchronous To Synchronous        : NO
Multiplier Style                   : Auto
Automatic Register Balancing       : No

---- Target Options
Add IO Buffers                     : YES
Global Maximum Fanout              : 500
Add Generic Clock Buffer(BUFG)     : 24
Register Duplication               : YES
Slice Packing                      : YES
Optimize Instantiated Primitives   : NO
Use Clock Enable                   : Yes
Use Synchronous Set                : Yes
Use Synchronous Reset              : Yes
Pack IO Registers into IOBs        : Auto
Equivalent register Removal        : YES

---- General Options
Optimization Goal                  : Speed
Optimization Effort                : 1
Keep Hierarchy                     : No
Netlist Hierarchy                  : As_Optimized
RTL Output                         : Yes
Global Optimization                : AllClockNets
Read Cores                         : YES
Write Timing Constraints           : NO
Cross Clock Analysis               : NO
Hierarchy Separator                : /
Bus Delimiter                      : <>
Case Specifier                     : Maintain
Slice Utilization Ratio            : 100
BRAM Utilization Ratio             : 100
Verilog 2001                       : YES
Auto BRAM Packing                  : NO
Slice Utilization Ratio Delta      : 5

=========================================================================


=========================================================================
*                          HDL Compilation                              *
=========================================================================
Compiling vhdl file "C:/Users/aula.ELE/Desktop/Lab09/ADC.vhd" in Library work.
Entity <adc> compiled.
Entity <adc> (Architecture <behavioral>) compiled.

=========================================================================
*                     Design Hierarchy Analysis                         *
=========================================================================
Analyzing hierarchy for entity <ADC> in library <work> (architecture <behavioral>).


=========================================================================
*                            HDL Analysis                               *
=========================================================================
Analyzing Entity <ADC> in library <work> (Architecture <behavioral>).
INFO:Xst:1561 - "C:/Users/aula.ELE/Desktop/Lab09/ADC.vhd" line 128: Mux is complete : default of case is discarded
Entity <ADC> analyzed. Unit <ADC> generated.


=========================================================================
*                           HDL Synthesis                               *
=========================================================================

Performing bidirectional port resolution...

Synthesizing Unit <ADC>.
    Related source file is "C:/Users/aula.ELE/Desktop/Lab09/ADC.vhd".
WARNING:Xst:647 - Input <reset> is never used. This port will be preserved and left unconnected if it belongs to a top-level block or it belongs to a sub-block and the hierarchy of this sub-block is preserved.
WARNING:Xst:1780 - Signal <readingData> is never used or assigned. This unconnected signal will be trimmed during the optimization process.
WARNING:Xst:1780 - Signal <one> is never used or assigned. This unconnected signal will be trimmed during the optimization process.
WARNING:Xst:646 - Signal <data_in<0>> is assigned but never used. This unconnected signal will be trimmed during the optimization process.
WARNING:Xst:1780 - Signal <dataCounter> is never used or assigned. This unconnected signal will be trimmed during the optimization process.
WARNING:Xst:1780 - Signal <ampFlag> is never used or assigned. This unconnected signal will be trimmed during the optimization process.
WARNING:Xst:646 - Signal <ADCresult<10:0>> is assigned but never used. This unconnected signal will be trimmed during the optimization process.
    Using one-hot encoding for signal <state_reg>.
    Found 8x8-bit ROM for signal <led$mux0001> created at line 120.
    Found 1-bit register for signal <SPI_MOSI>.
    Found 1-bit register for signal <AMP_CS>.
    Found 1-bit register for signal <AD_CONV>.
    Found 8-bit register for signal <led>.
    Found 14-bit register for signal <ADCresult>.
    Found 6-bit down counter for signal <counter>.
    Found 34-bit register for signal <data_in>.
    Found 3-bit register for signal <state_next>.
    Found 3-bit register for signal <state_reg>.
    Found 8-bit register for signal <vector_out>.
    Summary:
	inferred   1 ROM(s).
	inferred   1 Counter(s).
	inferred  73 D-type flip-flop(s).
Unit <ADC> synthesized.


=========================================================================
HDL Synthesis Report

Macro Statistics
# ROMs                                                 : 1
 8x8-bit ROM                                           : 1
# Counters                                             : 1
 6-bit down counter                                    : 1
# Registers                                            : 9
 1-bit register                                        : 3
 14-bit register                                       : 1
 3-bit register                                        : 2
 34-bit register                                       : 1
 8-bit register                                        : 2

=========================================================================

=========================================================================
*                       Advanced HDL Synthesis                          *
=========================================================================

WARNING:Xst:1426 - The value init of the FF/Latch vector_out_0 hinder the constant cleaning in the block ADC.
   You should achieve better results by setting this init to 0.
WARNING:Xst:2677 - Node <state_next_2> of sequential type is unconnected in block <ADC>.
WARNING:Xst:2677 - Node <data_in_0> of sequential type is unconnected in block <ADC>.
WARNING:Xst:2677 - Node <data_in_1> of sequential type is unconnected in block <ADC>.
WARNING:Xst:2677 - Node <data_in_2> of sequential type is unconnected in block <ADC>.
WARNING:Xst:2677 - Node <data_in_3> of sequential type is unconnected in block <ADC>.
WARNING:Xst:2677 - Node <data_in_4> of sequential type is unconnected in block <ADC>.
WARNING:Xst:2677 - Node <data_in_5> of sequential type is unconnected in block <ADC>.
WARNING:Xst:2677 - Node <data_in_6> of sequential type is unconnected in block <ADC>.
WARNING:Xst:2677 - Node <data_in_7> of sequential type is unconnected in block <ADC>.
WARNING:Xst:2677 - Node <data_in_8> of sequential type is unconnected in block <ADC>.
WARNING:Xst:2677 - Node <data_in_9> of sequential type is unconnected in block <ADC>.
WARNING:Xst:2677 - Node <data_in_10> of sequential type is unconnected in block <ADC>.
WARNING:Xst:2677 - Node <data_in_11> of sequential type is unconnected in block <ADC>.
WARNING:Xst:2677 - Node <data_in_12> of sequential type is unconnected in block <ADC>.
WARNING:Xst:2677 - Node <data_in_13> of sequential type is unconnected in block <ADC>.
WARNING:Xst:2677 - Node <state_reg_2> of sequential type is unconnected in block <ADC>.
WARNING:Xst:2677 - Node <ADCresult_0> of sequential type is unconnected in block <ADC>.
WARNING:Xst:2677 - Node <ADCresult_1> of sequential type is unconnected in block <ADC>.
WARNING:Xst:2677 - Node <ADCresult_2> of sequential type is unconnected in block <ADC>.
WARNING:Xst:2677 - Node <ADCresult_3> of sequential type is unconnected in block <ADC>.
WARNING:Xst:2677 - Node <ADCresult_4> of sequential type is unconnected in block <ADC>.
WARNING:Xst:2677 - Node <ADCresult_5> of sequential type is unconnected in block <ADC>.
WARNING:Xst:2677 - Node <ADCresult_6> of sequential type is unconnected in block <ADC>.
WARNING:Xst:2677 - Node <ADCresult_7> of sequential type is unconnected in block <ADC>.
WARNING:Xst:2677 - Node <ADCresult_8> of sequential type is unconnected in block <ADC>.
WARNING:Xst:2677 - Node <ADCresult_9> of sequential type is unconnected in block <ADC>.
WARNING:Xst:2677 - Node <ADCresult_10> of sequential type is unconnected in block <ADC>.

Synthesizing (advanced) Unit <ADC>.
INFO:Xst:3034 - In order to maximize performance and save block RAM resources, the small ROM <Mrom_led_mux0001> will be implemented on LUT. If you want to force its implementation on block, use option/constraint rom_style.
Unit <ADC> synthesized (advanced).
WARNING:Xst:2677 - Node <state_next_2> of sequential type is unconnected in block <ADC>.
WARNING:Xst:2677 - Node <data_in_0> of sequential type is unconnected in block <ADC>.
WARNING:Xst:2677 - Node <data_in_1> of sequential type is unconnected in block <ADC>.
WARNING:Xst:2677 - Node <data_in_2> of sequential type is unconnected in block <ADC>.
WARNING:Xst:2677 - Node <data_in_3> of sequential type is unconnected in block <ADC>.
WARNING:Xst:2677 - Node <data_in_4> of sequential type is unconnected in block <ADC>.
WARNING:Xst:2677 - Node <data_in_5> of sequential type is unconnected in block <ADC>.
WARNING:Xst:2677 - Node <data_in_6> of sequential type is unconnected in block <ADC>.
WARNING:Xst:2677 - Node <data_in_7> of sequential type is unconnected in block <ADC>.
WARNING:Xst:2677 - Node <data_in_8> of sequential type is unconnected in block <ADC>.
WARNING:Xst:2677 - Node <data_in_9> of sequential type is unconnected in block <ADC>.
WARNING:Xst:2677 - Node <data_in_10> of sequential type is unconnected in block <ADC>.
WARNING:Xst:2677 - Node <data_in_11> of sequential type is unconnected in block <ADC>.
WARNING:Xst:2677 - Node <data_in_12> of sequential type is unconnected in block <ADC>.
WARNING:Xst:2677 - Node <data_in_13> of sequential type is unconnected in block <ADC>.
WARNING:Xst:2677 - Node <state_reg_2> of sequential type is unconnected in block <ADC>.
WARNING:Xst:2677 - Node <ADCresult_0> of sequential type is unconnected in block <ADC>.
WARNING:Xst:2677 - Node <ADCresult_1> of sequential type is unconnected in block <ADC>.
WARNING:Xst:2677 - Node <ADCresult_2> of sequential type is unconnected in block <ADC>.
WARNING:Xst:2677 - Node <ADCresult_3> of sequential type is unconnected in block <ADC>.
WARNING:Xst:2677 - Node <ADCresult_4> of sequential type is unconnected in block <ADC>.
WARNING:Xst:2677 - Node <ADCresult_5> of sequential type is unconnected in block <ADC>.
WARNING:Xst:2677 - Node <ADCresult_6> of sequential type is unconnected in block <ADC>.
WARNING:Xst:2677 - Node <ADCresult_7> of sequential type is unconnected in block <ADC>.
WARNING:Xst:2677 - Node <ADCresult_8> of sequential type is unconnected in block <ADC>.
WARNING:Xst:2677 - Node <ADCresult_9> of sequential type is unconnected in block <ADC>.
WARNING:Xst:2677 - Node <ADCresult_10> of sequential type is unconnected in block <ADC>.

=========================================================================
Advanced HDL Synthesis Report

Macro Statistics
# ROMs                                                 : 1
 8x8-bit ROM                                           : 1
# Counters                                             : 1
 6-bit down counter                                    : 1
# Registers                                            : 46
 Flip-Flops                                            : 46

=========================================================================

=========================================================================
*                         Low Level Synthesis                           *
=========================================================================
WARNING:Xst:1426 - The value init of the FF/Latch vector_out_0 hinder the constant cleaning in the block ADC.
   You should achieve better results by setting this init to 0.
WARNING:Xst:1293 - FF/Latch <led_0> has a constant value of 1 in block <ADC>. This FF/Latch will be trimmed during the optimization process.

Optimizing unit <ADC> ...

Mapping all equations...
Building and optimizing final netlist ...
Found area constraint ratio of 100 (+ 5) on block ADC, actual ratio is 0.

Final Macro Processing ...

Processing Unit <ADC> :
	Found 17-bit shift register for signal <data_in_16>.
	Found 9-bit shift register for signal <SPI_MOSI_OBUF>.
Unit <ADC> processed.

=========================================================================
Final Register Report

Macro Statistics
# Registers                                            : 25
 Flip-Flops                                            : 25
# Shift Registers                                      : 2
 17-bit shift register                                 : 1
 9-bit shift register                                  : 1

=========================================================================

=========================================================================
*                           Partition Report                            *
=========================================================================

Partition Implementation Status
-------------------------------

  No Partitions were found in this design.

-------------------------------

=========================================================================
*                            Final Report                               *
=========================================================================
Final Results
RTL Top Level Output File Name     : ADC.ngr
Top Level Output File Name         : ADC
Output Format                      : NGC
Optimization Goal                  : Speed
Keep Hierarchy                     : No

Design Statistics
# IOs                              : 21

Cell Usage :
# BELS                             : 36
#      GND                         : 1
#      INV                         : 2
#      LUT2                        : 6
#      LUT2_L                      : 1
#      LUT3                        : 6
#      LUT3_D                      : 1
#      LUT3_L                      : 3
#      LUT4                        : 11
#      LUT4_D                      : 1
#      LUT4_L                      : 1
#      MUXF5                       : 2
#      VCC                         : 1
# FlipFlops/Latches                : 27
#      FD_1                        : 4
#      FDE_1                       : 16
#      FDR                         : 4
#      FDR_1                       : 1
#      FDS                         : 2
# Shift Registers                  : 2
#      SRL16E_1                    : 2
# Clock Buffers                    : 1
#      BUFG                        : 1
# IO Buffers                       : 20
#      IBUF                        : 2
#      OBUF                        : 18
=========================================================================

Device utilization summary:
---------------------------

Selected Device : 3s500efg320-4 

 Number of Slices:                       22  out of   4656     0%  
 Number of Slice Flip Flops:             27  out of   9312     0%  
 Number of 4 input LUTs:                 34  out of   9312     0%  
    Number used as logic:                32
    Number used as Shift registers:       2
 Number of IOs:                          21
 Number of bonded IOBs:                  20  out of    232     8%  
 Number of GCLKs:                         1  out of     24     4%  

---------------------------
Partition Resource Summary:
---------------------------

  No Partitions were found in this design.

---------------------------


=========================================================================
TIMING REPORT

NOTE: THESE TIMING NUMBERS ARE ONLY A SYNTHESIS ESTIMATE.
      FOR ACCURATE TIMING INFORMATION PLEASE REFER TO THE TRACE REPORT
      GENERATED AFTER PLACE-and-ROUTE.

Clock Information:
------------------
-----------------------------------+------------------------+-------+
Clock Signal                       | Clock buffer(FF name)  | Load  |
-----------------------------------+------------------------+-------+
clk                                | IBUF+BUFG              | 29    |
-----------------------------------+------------------------+-------+

Asynchronous Control Signals Information:
----------------------------------------
No asynchronous control signals found in this design

Timing Summary:
---------------
Speed Grade: -4

   Minimum period: 4.426ns (Maximum Frequency: 225.938MHz)
   Minimum input arrival time before clock: 1.946ns
   Maximum output required time after clock: 4.394ns
   Maximum combinational path delay: 4.937ns

Timing Detail:
--------------
All values displayed in nanoseconds (ns)

=========================================================================
Timing constraint: Default period analysis for Clock 'clk'
  Clock period: 4.426ns (frequency: 225.938MHz)
  Total number of paths / destination ports: 223 / 52
-------------------------------------------------------------------------
Delay:               4.426ns (Levels of Logic = 2)
  Source:            state_reg_0 (FF)
  Destination:       ADCresult_11 (FF)
  Source Clock:      clk falling
  Destination Clock: clk falling

  Data Path: state_reg_0 to ADCresult_11
                                Gate     Net
    Cell:in->out      fanout   Delay   Delay  Logical Name (Net Name)
    ----------------------------------------  ------------
     FD_1:C->Q            10   0.591   0.886  state_reg_0 (state_reg_0)
     LUT4_L:I3->LO         1   0.704   0.104  led_not00011_SW0 (N28)
     LUT4:I3->O           10   0.704   0.882  led_not00011 (led_not0001)
     FDE_1:CE                  0.555          ADCresult_11
    ----------------------------------------
    Total                      4.426ns (2.554ns logic, 1.872ns route)
                                       (57.7% logic, 42.3% route)

=========================================================================
Timing constraint: Default OFFSET IN BEFORE for Clock 'clk'
  Total number of paths / destination ports: 1 / 1
-------------------------------------------------------------------------
Offset:              1.946ns (Levels of Logic = 1)
  Source:            SPI_MISO (PAD)
  Destination:       data_in_33 (FF)
  Destination Clock: clk falling

  Data Path: SPI_MISO to data_in_33
                                Gate     Net
    Cell:in->out      fanout   Delay   Delay  Logical Name (Net Name)
    ----------------------------------------  ------------
     IBUF:I->O             1   1.218   0.420  SPI_MISO_IBUF (SPI_MISO_IBUF)
     FDE_1:D                   0.308          data_in_33
    ----------------------------------------
    Total                      1.946ns (1.526ns logic, 0.420ns route)
                                       (78.4% logic, 21.6% route)

=========================================================================
Timing constraint: Default OFFSET OUT AFTER for Clock 'clk'
  Total number of paths / destination ports: 10 / 10
-------------------------------------------------------------------------
Offset:              4.394ns (Levels of Logic = 1)
  Source:            AD_CONV (FF)
  Destination:       AD_CONV (PAD)
  Source Clock:      clk falling

  Data Path: AD_CONV to AD_CONV
                                Gate     Net
    Cell:in->out      fanout   Delay   Delay  Logical Name (Net Name)
    ----------------------------------------  ------------
     FD_1:C->Q             3   0.591   0.531  AD_CONV (AD_CONV_OBUF)
     OBUF:I->O                 3.272          AD_CONV_OBUF (AD_CONV)
    ----------------------------------------
    Total                      4.394ns (3.863ns logic, 0.531ns route)
                                       (87.9% logic, 12.1% route)

=========================================================================
Timing constraint: Default path analysis
  Total number of paths / destination ports: 1 / 1
-------------------------------------------------------------------------
Delay:               4.937ns (Levels of Logic = 2)
  Source:            clk (PAD)
  Destination:       SPI_SCK (PAD)

  Data Path: clk to SPI_SCK
                                Gate     Net
    Cell:in->out      fanout   Delay   Delay  Logical Name (Net Name)
    ----------------------------------------  ------------
     IBUF:I->O             2   1.218   0.447  clk_IBUF (SPI_SCK_OBUF1)
     OBUF:I->O                 3.272          SPI_SCK_OBUF (SPI_SCK)
    ----------------------------------------
    Total                      4.937ns (4.490ns logic, 0.447ns route)
                                       (90.9% logic, 9.1% route)

=========================================================================


Total REAL time to Xst completion: 6.00 secs
Total CPU time to Xst completion: 5.20 secs
 
--> 

Total memory usage is 255296 kilobytes

Number of errors   :    0 (   0 filtered)
Number of warnings :   64 (   0 filtered)
Number of infos    :    2 (   0 filtered)

