Release 14.7 - xst P.20131013 (nt64)
Copyright (c) 1995-2013 Xilinx, Inc.  All rights reserved.
--> Parameter TMPDIR set to xst/projnav.tmp


Total REAL time to Xst completion: 0.00 secs
Total CPU time to Xst completion: 0.13 secs
 
--> Parameter xsthdpdir set to xst


Total REAL time to Xst completion: 0.00 secs
Total CPU time to Xst completion: 0.13 secs
 
--> Reading design: DAC.prj

TABLE OF CONTENTS
  1) Synthesis Options Summary
  2) HDL Compilation
  3) Design Hierarchy Analysis
  4) HDL Analysis
  5) HDL Synthesis
     5.1) HDL Synthesis Report
  6) Advanced HDL Synthesis
     6.1) Advanced HDL Synthesis Report
  7) Low Level Synthesis
  8) Partition Report
  9) Final Report
	9.1) Device utilization summary
	9.2) Partition Resource Summary
	9.3) TIMING REPORT


=========================================================================
*                      Synthesis Options Summary                        *
=========================================================================
---- Source Parameters
Input File Name                    : "DAC.prj"
Input Format                       : mixed
Ignore Synthesis Constraint File   : NO

---- Target Parameters
Output File Name                   : "DAC"
Output Format                      : NGC
Target Device                      : xc3s500e-4-fg320

---- Source Options
Top Module Name                    : DAC
Automatic FSM Extraction           : YES
FSM Encoding Algorithm             : Auto
Safe Implementation                : No
FSM Style                          : LUT
RAM Extraction                     : Yes
RAM Style                          : Auto
ROM Extraction                     : Yes
Mux Style                          : Auto
Decoder Extraction                 : YES
Priority Encoder Extraction        : Yes
Shift Register Extraction          : YES
Logical Shifter Extraction         : YES
XOR Collapsing                     : YES
ROM Style                          : Auto
Mux Extraction                     : Yes
Resource Sharing                   : YES
Asynchronous To Synchronous        : NO
Multiplier Style                   : Auto
Automatic Register Balancing       : No

---- Target Options
Add IO Buffers                     : YES
Global Maximum Fanout              : 500
Add Generic Clock Buffer(BUFG)     : 24
Register Duplication               : YES
Slice Packing                      : YES
Optimize Instantiated Primitives   : NO
Use Clock Enable                   : Yes
Use Synchronous Set                : Yes
Use Synchronous Reset              : Yes
Pack IO Registers into IOBs        : Auto
Equivalent register Removal        : YES

---- General Options
Optimization Goal                  : Speed
Optimization Effort                : 1
Keep Hierarchy                     : No
Netlist Hierarchy                  : As_Optimized
RTL Output                         : Yes
Global Optimization                : AllClockNets
Read Cores                         : YES
Write Timing Constraints           : NO
Cross Clock Analysis               : NO
Hierarchy Separator                : /
Bus Delimiter                      : <>
Case Specifier                     : Maintain
Slice Utilization Ratio            : 100
BRAM Utilization Ratio             : 100
Verilog 2001                       : YES
Auto BRAM Packing                  : NO
Slice Utilization Ratio Delta      : 5

=========================================================================


=========================================================================
*                          HDL Compilation                              *
=========================================================================
Compiling vhdl file "C:/Users/aula.ELE/Desktop/Lab07/DAC.vhd" in Library work.
Entity <dac> compiled.
Entity <dac> (Architecture <behavioral>) compiled.

=========================================================================
*                     Design Hierarchy Analysis                         *
=========================================================================
Analyzing hierarchy for entity <DAC> in library <work> (architecture <behavioral>).


=========================================================================
*                            HDL Analysis                               *
=========================================================================
Analyzing Entity <DAC> in library <work> (Architecture <behavioral>).
Entity <DAC> analyzed. Unit <DAC> generated.


=========================================================================
*                           HDL Synthesis                               *
=========================================================================

Performing bidirectional port resolution...

Synthesizing Unit <DAC>.
    Related source file is "C:/Users/aula.ELE/Desktop/Lab07/DAC.vhd".
WARNING:Xst:647 - Input <reset> is never used. This port will be preserved and left unconnected if it belongs to a top-level block or it belongs to a sub-block and the hierarchy of this sub-block is preserved.
WARNING:Xst:1780 - Signal <one> is never used or assigned. This unconnected signal will be trimmed during the optimization process.
WARNING:Xst:646 - Signal <data_in> is assigned but never used. This unconnected signal will be trimmed during the optimization process.
    Found 1-bit register for signal <SPI_MOSI>.
    Found 1-bit register for signal <DAC_CS>.
    Found 6-bit up counter for signal <counter>.
    Found 12-bit up counter for signal <dataCounter>.
    Found 32-bit register for signal <vector_out>.
    Summary:
	inferred   2 Counter(s).
	inferred  34 D-type flip-flop(s).
Unit <DAC> synthesized.


=========================================================================
HDL Synthesis Report

Macro Statistics
# Counters                                             : 2
 12-bit up counter                                     : 1
 6-bit up counter                                      : 1
# Registers                                            : 3
 1-bit register                                        : 2
 32-bit register                                       : 1

=========================================================================

=========================================================================
*                       Advanced HDL Synthesis                          *
=========================================================================

WARNING:Xst:1710 - FF/Latch <vector_out_0> (without init value) has a constant value of 0 in block <DAC>. This FF/Latch will be trimmed during the optimization process.
WARNING:Xst:1895 - Due to other FF/Latch trimming, FF/Latch <vector_out_1> (without init value) has a constant value of 0 in block <DAC>. This FF/Latch will be trimmed during the optimization process.
WARNING:Xst:1895 - Due to other FF/Latch trimming, FF/Latch <vector_out_2> (without init value) has a constant value of 0 in block <DAC>. This FF/Latch will be trimmed during the optimization process.
WARNING:Xst:1895 - Due to other FF/Latch trimming, FF/Latch <vector_out_3> (without init value) has a constant value of 0 in block <DAC>. This FF/Latch will be trimmed during the optimization process.

=========================================================================
Advanced HDL Synthesis Report

Macro Statistics
# Counters                                             : 2
 12-bit up counter                                     : 1
 6-bit up counter                                      : 1
# Registers                                            : 34
 Flip-Flops                                            : 34

=========================================================================

=========================================================================
*                         Low Level Synthesis                           *
=========================================================================
WARNING:Xst:1710 - FF/Latch <vector_out_0> (without init value) has a constant value of 0 in block <DAC>. This FF/Latch will be trimmed during the optimization process.
WARNING:Xst:1895 - Due to other FF/Latch trimming, FF/Latch <vector_out_1> (without init value) has a constant value of 0 in block <DAC>. This FF/Latch will be trimmed during the optimization process.
WARNING:Xst:1895 - Due to other FF/Latch trimming, FF/Latch <vector_out_2> (without init value) has a constant value of 0 in block <DAC>. This FF/Latch will be trimmed during the optimization process.
WARNING:Xst:1895 - Due to other FF/Latch trimming, FF/Latch <vector_out_3> (without init value) has a constant value of 0 in block <DAC>. This FF/Latch will be trimmed during the optimization process.

Optimizing unit <DAC> ...

Mapping all equations...
Building and optimizing final netlist ...
Found area constraint ratio of 100 (+ 5) on block DAC, actual ratio is 0.

Final Macro Processing ...

Processing Unit <DAC> :
	Found 4-bit shift register for signal <vector_out_19>.
	Found 10-bit shift register for signal <vector_out_31>.
Unit <DAC> processed.

=========================================================================
Final Register Report

Macro Statistics
# Registers                                            : 34
 Flip-Flops                                            : 34
# Shift Registers                                      : 2
 10-bit shift register                                 : 1
 4-bit shift register                                  : 1

=========================================================================

=========================================================================
*                           Partition Report                            *
=========================================================================

Partition Implementation Status
-------------------------------

  No Partitions were found in this design.

-------------------------------

=========================================================================
*                            Final Report                               *
=========================================================================
Final Results
RTL Top Level Output File Name     : DAC.ngr
Top Level Output File Name         : DAC
Output Format                      : NGC
Optimization Goal                  : Speed
Keep Hierarchy                     : No

Design Statistics
# IOs                              : 11

Cell Usage :
# BELS                             : 66
#      GND                         : 1
#      INV                         : 3
#      LUT1                        : 11
#      LUT2                        : 4
#      LUT3                        : 2
#      LUT3_D                      : 2
#      LUT4                        : 16
#      LUT4_D                      : 1
#      LUT4_L                      : 2
#      MUXCY                       : 11
#      VCC                         : 1
#      XORCY                       : 12
# FlipFlops/Latches                : 47
#      FD_1                        : 14
#      FDE                         : 12
#      FDE_1                       : 1
#      FDR                         : 6
#      FDR_1                       : 12
#      FDS_1                       : 2
# Shift Registers                  : 2
#      SRL16_1                     : 2
# Clock Buffers                    : 1
#      BUFG                        : 1
# IO Buffers                       : 10
#      IBUF                        : 1
#      OBUF                        : 9
=========================================================================

Device utilization summary:
---------------------------

Selected Device : 3s500efg320-4 

 Number of Slices:                       30  out of   4656     0%  
 Number of Slice Flip Flops:             47  out of   9312     0%  
 Number of 4 input LUTs:                 43  out of   9312     0%  
    Number used as logic:                41
    Number used as Shift registers:       2
 Number of IOs:                          11
 Number of bonded IOBs:                  10  out of    232     4%  
 Number of GCLKs:                         1  out of     24     4%  

---------------------------
Partition Resource Summary:
---------------------------

  No Partitions were found in this design.

---------------------------


=========================================================================
TIMING REPORT

NOTE: THESE TIMING NUMBERS ARE ONLY A SYNTHESIS ESTIMATE.
      FOR ACCURATE TIMING INFORMATION PLEASE REFER TO THE TRACE REPORT
      GENERATED AFTER PLACE-and-ROUTE.

Clock Information:
------------------
-----------------------------------+------------------------+-------+
Clock Signal                       | Clock buffer(FF name)  | Load  |
-----------------------------------+------------------------+-------+
clk                                | IBUF+BUFG              | 49    |
-----------------------------------+------------------------+-------+

Asynchronous Control Signals Information:
----------------------------------------
No asynchronous control signals found in this design

Timing Summary:
---------------
Speed Grade: -4

   Minimum period: 5.642ns (Maximum Frequency: 177.242MHz)
   Minimum input arrival time before clock: No path found
   Maximum output required time after clock: 4.283ns
   Maximum combinational path delay: 4.937ns

Timing Detail:
--------------
All values displayed in nanoseconds (ns)

=========================================================================
Timing constraint: Default period analysis for Clock 'clk'
  Clock period: 5.642ns (frequency: 177.242MHz)
  Total number of paths / destination ports: 412 / 80
-------------------------------------------------------------------------
Delay:               5.642ns (Levels of Logic = 2)
  Source:            counter_3 (FF)
  Destination:       vector_out_20 (FF)
  Source Clock:      clk falling
  Destination Clock: clk falling

  Data Path: counter_3 to vector_out_20
                                Gate     Net
    Cell:in->out      fanout   Delay   Delay  Logical Name (Net Name)
    ----------------------------------------  ------------
     FDR:C->Q              4   0.591   0.762  counter_3 (counter_3)
     LUT3_D:I0->O         13   0.704   0.987  dataCounter_cmp_eq0000_SW0 (N1)
     LUT4:I3->O           13   0.704   0.983  vector_out_cmp_eq0000 (vector_out_cmp_eq0000)
     FDS_1:S                   0.911          vector_out_20
    ----------------------------------------
    Total                      5.642ns (2.910ns logic, 2.732ns route)
                                       (51.6% logic, 48.4% route)

=========================================================================
Timing constraint: Default OFFSET OUT AFTER for Clock 'clk'
  Total number of paths / destination ports: 2 / 2
-------------------------------------------------------------------------
Offset:              4.283ns (Levels of Logic = 1)
  Source:            DAC_CS (FF)
  Destination:       DAC_CS (PAD)
  Source Clock:      clk falling

  Data Path: DAC_CS to DAC_CS
                                Gate     Net
    Cell:in->out      fanout   Delay   Delay  Logical Name (Net Name)
    ----------------------------------------  ------------
     FDR_1:C->Q            1   0.591   0.420  DAC_CS (DAC_CS_OBUF)
     OBUF:I->O                 3.272          DAC_CS_OBUF (DAC_CS)
    ----------------------------------------
    Total                      4.283ns (3.863ns logic, 0.420ns route)
                                       (90.2% logic, 9.8% route)

=========================================================================
Timing constraint: Default path analysis
  Total number of paths / destination ports: 1 / 1
-------------------------------------------------------------------------
Delay:               4.937ns (Levels of Logic = 2)
  Source:            clk (PAD)
  Destination:       SPI_SCK (PAD)

  Data Path: clk to SPI_SCK
                                Gate     Net
    Cell:in->out      fanout   Delay   Delay  Logical Name (Net Name)
    ----------------------------------------  ------------
     IBUF:I->O             2   1.218   0.447  clk_IBUF (SPI_SCK_OBUF1)
     OBUF:I->O                 3.272          SPI_SCK_OBUF (SPI_SCK)
    ----------------------------------------
    Total                      4.937ns (4.490ns logic, 0.447ns route)
                                       (90.9% logic, 9.1% route)

=========================================================================


Total REAL time to Xst completion: 5.00 secs
Total CPU time to Xst completion: 5.33 secs
 
--> 

Total memory usage is 256656 kilobytes

Number of errors   :    0 (   0 filtered)
Number of warnings :   11 (   0 filtered)
Number of infos    :    0 (   0 filtered)

