Release 14.7 - xst P.20131013 (nt64)
Copyright (c) 1995-2013 Xilinx, Inc.  All rights reserved.
--> Parameter TMPDIR set to xst/projnav.tmp


Total REAL time to Xst completion: 0.00 secs
Total CPU time to Xst completion: 0.13 secs
 
--> Parameter xsthdpdir set to xst


Total REAL time to Xst completion: 0.00 secs
Total CPU time to Xst completion: 0.13 secs
 
--> Reading design: RS232.prj

TABLE OF CONTENTS
  1) Synthesis Options Summary
  2) HDL Compilation
  3) Design Hierarchy Analysis
  4) HDL Analysis
  5) HDL Synthesis
     5.1) HDL Synthesis Report
  6) Advanced HDL Synthesis
     6.1) Advanced HDL Synthesis Report
  7) Low Level Synthesis
  8) Partition Report
  9) Final Report
	9.1) Device utilization summary
	9.2) Partition Resource Summary
	9.3) TIMING REPORT


=========================================================================
*                      Synthesis Options Summary                        *
=========================================================================
---- Source Parameters
Input File Name                    : "RS232.prj"
Input Format                       : mixed
Ignore Synthesis Constraint File   : NO

---- Target Parameters
Output File Name                   : "RS232"
Output Format                      : NGC
Target Device                      : xc3s500e-4-fg320

---- Source Options
Top Module Name                    : RS232
Automatic FSM Extraction           : YES
FSM Encoding Algorithm             : Auto
Safe Implementation                : No
FSM Style                          : LUT
RAM Extraction                     : Yes
RAM Style                          : Auto
ROM Extraction                     : Yes
Mux Style                          : Auto
Decoder Extraction                 : YES
Priority Encoder Extraction        : Yes
Shift Register Extraction          : YES
Logical Shifter Extraction         : YES
XOR Collapsing                     : YES
ROM Style                          : Auto
Mux Extraction                     : Yes
Resource Sharing                   : YES
Asynchronous To Synchronous        : NO
Multiplier Style                   : Auto
Automatic Register Balancing       : No

---- Target Options
Add IO Buffers                     : YES
Global Maximum Fanout              : 500
Add Generic Clock Buffer(BUFG)     : 24
Register Duplication               : YES
Slice Packing                      : YES
Optimize Instantiated Primitives   : NO
Use Clock Enable                   : Yes
Use Synchronous Set                : Yes
Use Synchronous Reset              : Yes
Pack IO Registers into IOBs        : Auto
Equivalent register Removal        : YES

---- General Options
Optimization Goal                  : Speed
Optimization Effort                : 1
Keep Hierarchy                     : No
Netlist Hierarchy                  : As_Optimized
RTL Output                         : Yes
Global Optimization                : AllClockNets
Read Cores                         : YES
Write Timing Constraints           : NO
Cross Clock Analysis               : NO
Hierarchy Separator                : /
Bus Delimiter                      : <>
Case Specifier                     : Maintain
Slice Utilization Ratio            : 100
BRAM Utilization Ratio             : 100
Verilog 2001                       : YES
Auto BRAM Packing                  : NO
Slice Utilization Ratio Delta      : 5

=========================================================================


=========================================================================
*                          HDL Compilation                              *
=========================================================================
Compiling vhdl file "C:/Users/aula.ELE/Desktop/Lab05/RS232.vhd" in Library work.
Entity <rs232> compiled.
Entity <rs232> (Architecture <behavioral>) compiled.

=========================================================================
*                     Design Hierarchy Analysis                         *
=========================================================================
Analyzing hierarchy for entity <RS232> in library <work> (architecture <behavioral>).


=========================================================================
*                            HDL Analysis                               *
=========================================================================
Analyzing Entity <RS232> in library <work> (Architecture <behavioral>).
Entity <RS232> analyzed. Unit <RS232> generated.


=========================================================================
*                           HDL Synthesis                               *
=========================================================================

Performing bidirectional port resolution...

Synthesizing Unit <RS232>.
    Related source file is "C:/Users/aula.ELE/Desktop/Lab05/RS232.vhd".
    Found finite state machine <FSM_0> for signal <present_state>.
    -----------------------------------------------------------------------
    | States             | 3                                              |
    | Transitions        | 7                                              |
    | Inputs             | 4                                              |
    | Outputs            | 4                                              |
    | Clock              | clk                       (rising_edge)        |
    | Power Up State     | idle                                           |
    | Encoding           | automatic                                      |
    | Implementation     | LUT                                            |
    -----------------------------------------------------------------------
    Found 8-bit register for signal <display>.
    Found 3-bit up counter for signal <counter>.
    Found 8-bit register for signal <dataVector>.
    Found 13-bit comparator greatequal for signal <present_state$cmp_ge0000> created at line 55.
    Found 13-bit register for signal <timer>.
    Found 13-bit subtractor for signal <timer$share0000> created at line 52.
    Summary:
	inferred   1 Finite State Machine(s).
	inferred   1 Counter(s).
	inferred  29 D-type flip-flop(s).
	inferred   1 Adder/Subtractor(s).
	inferred   1 Comparator(s).
Unit <RS232> synthesized.

INFO:Xst:1767 - HDL ADVISOR - Resource sharing has identified that some arithmetic operations in this design can share the same physical resources for reduced device utilization. For improved clock frequency you may try to disable resource sharing.

=========================================================================
HDL Synthesis Report

Macro Statistics
# Adders/Subtractors                                   : 1
 13-bit subtractor                                     : 1
# Counters                                             : 1
 3-bit up counter                                      : 1
# Registers                                            : 3
 13-bit register                                       : 1
 8-bit register                                        : 2
# Comparators                                          : 1
 13-bit comparator greatequal                          : 1

=========================================================================

=========================================================================
*                       Advanced HDL Synthesis                          *
=========================================================================

Analyzing FSM <FSM_0> for best encoding.
Optimizing FSM <present_state/FSM> on signal <present_state[1:2]> with user encoding.
-----------------------
 State     | Encoding
-----------------------
 idle      | 00
 dataentry | 01
 parity    | 10
-----------------------

=========================================================================
Advanced HDL Synthesis Report

Macro Statistics
# FSMs                                                 : 1
# Adders/Subtractors                                   : 1
 13-bit subtractor                                     : 1
# Counters                                             : 1
 3-bit up counter                                      : 1
# Registers                                            : 29
 Flip-Flops                                            : 29
# Comparators                                          : 1
 13-bit comparator greatequal                          : 1

=========================================================================

=========================================================================
*                         Low Level Synthesis                           *
=========================================================================

Optimizing unit <RS232> ...

Mapping all equations...
Building and optimizing final netlist ...
Found area constraint ratio of 100 (+ 5) on block RS232, actual ratio is 0.

Final Macro Processing ...

=========================================================================
Final Register Report

Macro Statistics
# Registers                                            : 34
 Flip-Flops                                            : 34

=========================================================================

=========================================================================
*                           Partition Report                            *
=========================================================================

Partition Implementation Status
-------------------------------

  No Partitions were found in this design.

-------------------------------

=========================================================================
*                            Final Report                               *
=========================================================================
Final Results
RTL Top Level Output File Name     : RS232.ngr
Top Level Output File Name         : RS232
Output Format                      : NGC
Optimization Goal                  : Speed
Keep Hierarchy                     : No

Design Statistics
# IOs                              : 10

Cell Usage :
# BELS                             : 88
#      GND                         : 1
#      INV                         : 15
#      LUT1                        : 2
#      LUT2                        : 8
#      LUT2_D                      : 1
#      LUT2_L                      : 1
#      LUT3                        : 4
#      LUT4                        : 18
#      LUT4_D                      : 2
#      MUXCY                       : 19
#      MUXF5                       : 3
#      VCC                         : 1
#      XORCY                       : 13
# FlipFlops/Latches                : 34
#      FD                          : 10
#      FDE                         : 16
#      FDRE                        : 3
#      FDSE                        : 5
# Clock Buffers                    : 1
#      BUFGP                       : 1
# IO Buffers                       : 9
#      IBUF                        : 1
#      OBUF                        : 8
=========================================================================

Device utilization summary:
---------------------------

Selected Device : 3s500efg320-4 

 Number of Slices:                       34  out of   4656     0%  
 Number of Slice Flip Flops:             34  out of   9312     0%  
 Number of 4 input LUTs:                 51  out of   9312     0%  
 Number of IOs:                          10
 Number of bonded IOBs:                  10  out of    232     4%  
 Number of GCLKs:                         1  out of     24     4%  

---------------------------
Partition Resource Summary:
---------------------------

  No Partitions were found in this design.

---------------------------


=========================================================================
TIMING REPORT

NOTE: THESE TIMING NUMBERS ARE ONLY A SYNTHESIS ESTIMATE.
      FOR ACCURATE TIMING INFORMATION PLEASE REFER TO THE TRACE REPORT
      GENERATED AFTER PLACE-and-ROUTE.

Clock Information:
------------------
-----------------------------------+------------------------+-------+
Clock Signal                       | Clock buffer(FF name)  | Load  |
-----------------------------------+------------------------+-------+
clk                                | BUFGP                  | 34    |
-----------------------------------+------------------------+-------+

Asynchronous Control Signals Information:
----------------------------------------
No asynchronous control signals found in this design

Timing Summary:
---------------
Speed Grade: -4

   Minimum period: 6.597ns (Maximum Frequency: 151.584MHz)
   Minimum input arrival time before clock: 5.668ns
   Maximum output required time after clock: 4.283ns
   Maximum combinational path delay: No path found

Timing Detail:
--------------
All values displayed in nanoseconds (ns)

=========================================================================
Timing constraint: Default period analysis for Clock 'clk'
  Clock period: 6.597ns (frequency: 151.584MHz)
  Total number of paths / destination ports: 799 / 65
-------------------------------------------------------------------------
Delay:               6.597ns (Levels of Logic = 3)
  Source:            present_state_FSM_FFd2 (FF)
  Destination:       timer_1 (FF)
  Source Clock:      clk rising
  Destination Clock: clk rising

  Data Path: present_state_FSM_FFd2 to timer_1
                                Gate     Net
    Cell:in->out      fanout   Delay   Delay  Logical Name (Net Name)
    ----------------------------------------  ------------
     FD:C->Q              10   0.591   0.961  present_state_FSM_FFd2 (present_state_FSM_FFd2)
     LUT2:I1->O            1   0.704   0.424  present_state_cmp_eq000059_SW1 (N19)
     LUT4:I3->O           12   0.704   0.965  timer_mux0002<11>221 (dataVector_not0001)
     LUT4:I3->O            5   0.704   0.633  timer_mux0002<11>2 (N2)
     FDSE:S                    0.911          timer_1
    ----------------------------------------
    Total                      6.597ns (3.614ns logic, 2.983ns route)
                                       (54.8% logic, 45.2% route)

=========================================================================
Timing constraint: Default OFFSET IN BEFORE for Clock 'clk'
  Total number of paths / destination ports: 15 / 15
-------------------------------------------------------------------------
Offset:              5.668ns (Levels of Logic = 4)
  Source:            data (PAD)
  Destination:       timer_2 (FF)
  Destination Clock: clk rising

  Data Path: data to timer_2
                                Gate     Net
    Cell:in->out      fanout   Delay   Delay  Logical Name (Net Name)
    ----------------------------------------  ------------
     IBUF:I->O             4   1.218   0.762  data_IBUF (data_IBUF)
     LUT2_D:I0->O          1   0.704   0.595  timer_mux0002<0>1_SW0 (N8)
     LUT4_D:I0->O          6   0.704   0.673  timer_mux0002<0>1 (N01)
     LUT4:I3->O            1   0.704   0.000  timer_mux0002<6>1 (timer_mux0002<6>)
     FD:D                      0.308          timer_6
    ----------------------------------------
    Total                      5.668ns (3.638ns logic, 2.030ns route)
                                       (64.2% logic, 35.8% route)

=========================================================================
Timing constraint: Default OFFSET OUT AFTER for Clock 'clk'
  Total number of paths / destination ports: 8 / 8
-------------------------------------------------------------------------
Offset:              4.283ns (Levels of Logic = 1)
  Source:            display_7 (FF)
  Destination:       display<7> (PAD)
  Source Clock:      clk rising

  Data Path: display_7 to display<7>
                                Gate     Net
    Cell:in->out      fanout   Delay   Delay  Logical Name (Net Name)
    ----------------------------------------  ------------
     FDE:C->Q              1   0.591   0.420  display_7 (display_7)
     OBUF:I->O                 3.272          display_7_OBUF (display<7>)
    ----------------------------------------
    Total                      4.283ns (3.863ns logic, 0.420ns route)
                                       (90.2% logic, 9.8% route)

=========================================================================


Total REAL time to Xst completion: 6.00 secs
Total CPU time to Xst completion: 5.38 secs
 
--> 

Total memory usage is 258176 kilobytes

Number of errors   :    0 (   0 filtered)
Number of warnings :    0 (   0 filtered)
Number of infos    :    1 (   0 filtered)

