Release 14.5 - xst P.58f (nt64)
Copyright (c) 1995-2012 Xilinx, Inc.  All rights reserved.
--> Parameter TMPDIR set to xst/projnav.tmp


Total REAL time to Xst completion: 0.00 secs
Total CPU time to Xst completion: 0.15 secs
 
--> Parameter xsthdpdir set to xst


Total REAL time to Xst completion: 0.00 secs
Total CPU time to Xst completion: 0.15 secs
 
--> Reading design: ADC.prj

TABLE OF CONTENTS
  1) Synthesis Options Summary
  2) HDL Compilation
  3) Design Hierarchy Analysis
  4) HDL Analysis
  5) HDL Synthesis
     5.1) HDL Synthesis Report
  6) Advanced HDL Synthesis
     6.1) Advanced HDL Synthesis Report
  7) Low Level Synthesis
  8) Partition Report
  9) Final Report
	9.1) Device utilization summary
	9.2) Partition Resource Summary
	9.3) TIMING REPORT


=========================================================================
*                      Synthesis Options Summary                        *
=========================================================================
---- Source Parameters
Input File Name                    : "ADC.prj"
Input Format                       : mixed
Ignore Synthesis Constraint File   : NO

---- Target Parameters
Output File Name                   : "ADC"
Output Format                      : NGC
Target Device                      : xc3s500e-4-fg320

---- Source Options
Top Module Name                    : ADC
Automatic FSM Extraction           : YES
FSM Encoding Algorithm             : Auto
Safe Implementation                : No
FSM Style                          : LUT
RAM Extraction                     : Yes
RAM Style                          : Auto
ROM Extraction                     : Yes
Mux Style                          : Auto
Decoder Extraction                 : YES
Priority Encoder Extraction        : Yes
Shift Register Extraction          : YES
Logical Shifter Extraction         : YES
XOR Collapsing                     : YES
ROM Style                          : Auto
Mux Extraction                     : Yes
Resource Sharing                   : YES
Asynchronous To Synchronous        : NO
Multiplier Style                   : Auto
Automatic Register Balancing       : No

---- Target Options
Add IO Buffers                     : YES
Global Maximum Fanout              : 500
Add Generic Clock Buffer(BUFG)     : 24
Register Duplication               : YES
Slice Packing                      : YES
Optimize Instantiated Primitives   : NO
Use Clock Enable                   : Yes
Use Synchronous Set                : Yes
Use Synchronous Reset              : Yes
Pack IO Registers into IOBs        : Auto
Equivalent register Removal        : YES

---- General Options
Optimization Goal                  : Speed
Optimization Effort                : 1
Keep Hierarchy                     : No
Netlist Hierarchy                  : As_Optimized
RTL Output                         : Yes
Global Optimization                : AllClockNets
Read Cores                         : YES
Write Timing Constraints           : NO
Cross Clock Analysis               : NO
Hierarchy Separator                : /
Bus Delimiter                      : <>
Case Specifier                     : Maintain
Slice Utilization Ratio            : 100
BRAM Utilization Ratio             : 100
Verilog 2001                       : YES
Auto BRAM Packing                  : NO
Slice Utilization Ratio Delta      : 5

=========================================================================


=========================================================================
*                          HDL Compilation                              *
=========================================================================
Compiling vhdl file "C:/Users/aula2/Desktop/Lab09-3110/Lab09/ADC.vhd" in Library work.
Entity <adc> compiled.
Entity <adc> (Architecture <behavioral>) compiled.

=========================================================================
*                     Design Hierarchy Analysis                         *
=========================================================================
Analyzing hierarchy for entity <ADC> in library <work> (architecture <behavioral>).


=========================================================================
*                            HDL Analysis                               *
=========================================================================
Analyzing Entity <ADC> in library <work> (Architecture <behavioral>).
INFO:Xst:1561 - "C:/Users/aula2/Desktop/Lab09-3110/Lab09/ADC.vhd" line 154: Mux is complete : default of case is discarded
Entity <ADC> analyzed. Unit <ADC> generated.


=========================================================================
*                           HDL Synthesis                               *
=========================================================================

Performing bidirectional port resolution...

Synthesizing Unit <ADC>.
    Related source file is "C:/Users/aula2/Desktop/Lab09-3110/Lab09/ADC.vhd".
WARNING:Xst:647 - Input <reset> is never used. This port will be preserved and left unconnected if it belongs to a top-level block or it belongs to a sub-block and the hierarchy of this sub-block is preserved.
WARNING:Xst:1780 - Signal <readingData> is never used or assigned. This unconnected signal will be trimmed during the optimization process.
WARNING:Xst:1780 - Signal <one> is never used or assigned. This unconnected signal will be trimmed during the optimization process.
WARNING:Xst:646 - Signal <data_in<33>> is assigned but never used. This unconnected signal will be trimmed during the optimization process.
WARNING:Xst:1780 - Signal <dataCounter> is never used or assigned. This unconnected signal will be trimmed during the optimization process.
WARNING:Xst:1780 - Signal <ampFlag> is never used or assigned. This unconnected signal will be trimmed during the optimization process.
WARNING:Xst:646 - Signal <adcint<31:14>> is assigned but never used. This unconnected signal will be trimmed during the optimization process.
WARNING:Xst:646 - Signal <ADCresult<13>> is assigned but never used. This unconnected signal will be trimmed during the optimization process.
WARNING:Xst:646 - Signal <ADCresult<9:0>> is assigned but never used. This unconnected signal will be trimmed during the optimization process.
    Using one-hot encoding for signal <state_reg>.
    Found 8x8-bit ROM for signal <led$mux0001> created at line 146.
    Found 1-bit register for signal <SPI_MOSI>.
    Found 1-bit register for signal <AMP_CS>.
    Found 1-bit register for signal <AD_CONV>.
    Found 8-bit register for signal <led>.
    Found 32-bit register for signal <adcint>.
    Found 14-bit register for signal <ADCresult>.
    Found 3-bit up counter for signal <clk_counter>.
    Found 6-bit down counter for signal <counter>.
    Found 34-bit register for signal <data_in>.
    Found 3-bit register for signal <state_next>.
    Found 3-bit register for signal <state_reg>.
    Found 8-bit register for signal <vector_out>.
    Summary:
	inferred   1 ROM(s).
	inferred   2 Counter(s).
	inferred 105 D-type flip-flop(s).
Unit <ADC> synthesized.


=========================================================================
HDL Synthesis Report

Macro Statistics
# ROMs                                                 : 1
 8x8-bit ROM                                           : 1
# Counters                                             : 2
 3-bit up counter                                      : 1
 6-bit down counter                                    : 1
# Registers                                            : 10
 1-bit register                                        : 3
 14-bit register                                       : 1
 3-bit register                                        : 2
 32-bit register                                       : 1
 34-bit register                                       : 1
 8-bit register                                        : 2

=========================================================================

=========================================================================
*                       Advanced HDL Synthesis                          *
=========================================================================

WARNING:Xst:1426 - The value init of the FF/Latch vector_out_0 hinder the constant cleaning in the block ADC.
   You should achieve better results by setting this init to 0.
WARNING:Xst:2677 - Node <state_next_2> of sequential type is unconnected in block <ADC>.
WARNING:Xst:2677 - Node <data_in_14> of sequential type is unconnected in block <ADC>.
WARNING:Xst:2677 - Node <data_in_15> of sequential type is unconnected in block <ADC>.
WARNING:Xst:2677 - Node <data_in_16> of sequential type is unconnected in block <ADC>.
WARNING:Xst:2677 - Node <data_in_17> of sequential type is unconnected in block <ADC>.
WARNING:Xst:2677 - Node <data_in_18> of sequential type is unconnected in block <ADC>.
WARNING:Xst:2677 - Node <data_in_19> of sequential type is unconnected in block <ADC>.
WARNING:Xst:2677 - Node <data_in_20> of sequential type is unconnected in block <ADC>.
WARNING:Xst:2677 - Node <data_in_21> of sequential type is unconnected in block <ADC>.
WARNING:Xst:2677 - Node <data_in_22> of sequential type is unconnected in block <ADC>.
WARNING:Xst:2677 - Node <data_in_23> of sequential type is unconnected in block <ADC>.
WARNING:Xst:2677 - Node <data_in_24> of sequential type is unconnected in block <ADC>.
WARNING:Xst:2677 - Node <data_in_25> of sequential type is unconnected in block <ADC>.
WARNING:Xst:2677 - Node <data_in_26> of sequential type is unconnected in block <ADC>.
WARNING:Xst:2677 - Node <data_in_27> of sequential type is unconnected in block <ADC>.
WARNING:Xst:2677 - Node <data_in_28> of sequential type is unconnected in block <ADC>.
WARNING:Xst:2677 - Node <data_in_29> of sequential type is unconnected in block <ADC>.
WARNING:Xst:2677 - Node <data_in_30> of sequential type is unconnected in block <ADC>.
WARNING:Xst:2677 - Node <data_in_31> of sequential type is unconnected in block <ADC>.
WARNING:Xst:2677 - Node <data_in_32> of sequential type is unconnected in block <ADC>.
WARNING:Xst:2677 - Node <data_in_33> of sequential type is unconnected in block <ADC>.
WARNING:Xst:2677 - Node <state_reg_2> of sequential type is unconnected in block <ADC>.
WARNING:Xst:2677 - Node <adcint_0> of sequential type is unconnected in block <ADC>.
WARNING:Xst:2677 - Node <adcint_1> of sequential type is unconnected in block <ADC>.
WARNING:Xst:2677 - Node <adcint_2> of sequential type is unconnected in block <ADC>.
WARNING:Xst:2677 - Node <adcint_3> of sequential type is unconnected in block <ADC>.
WARNING:Xst:2677 - Node <adcint_4> of sequential type is unconnected in block <ADC>.
WARNING:Xst:2677 - Node <adcint_5> of sequential type is unconnected in block <ADC>.
WARNING:Xst:2677 - Node <adcint_6> of sequential type is unconnected in block <ADC>.
WARNING:Xst:2677 - Node <adcint_7> of sequential type is unconnected in block <ADC>.
WARNING:Xst:2677 - Node <adcint_8> of sequential type is unconnected in block <ADC>.
WARNING:Xst:2677 - Node <adcint_9> of sequential type is unconnected in block <ADC>.
WARNING:Xst:2677 - Node <adcint_13> of sequential type is unconnected in block <ADC>.
WARNING:Xst:2677 - Node <adcint_14> of sequential type is unconnected in block <ADC>.
WARNING:Xst:2677 - Node <adcint_15> of sequential type is unconnected in block <ADC>.
WARNING:Xst:2677 - Node <adcint_16> of sequential type is unconnected in block <ADC>.
WARNING:Xst:2677 - Node <adcint_17> of sequential type is unconnected in block <ADC>.
WARNING:Xst:2677 - Node <adcint_18> of sequential type is unconnected in block <ADC>.
WARNING:Xst:2677 - Node <adcint_19> of sequential type is unconnected in block <ADC>.
WARNING:Xst:2677 - Node <adcint_20> of sequential type is unconnected in block <ADC>.
WARNING:Xst:2677 - Node <adcint_21> of sequential type is unconnected in block <ADC>.
WARNING:Xst:2677 - Node <adcint_22> of sequential type is unconnected in block <ADC>.
WARNING:Xst:2677 - Node <adcint_23> of sequential type is unconnected in block <ADC>.
WARNING:Xst:2677 - Node <adcint_24> of sequential type is unconnected in block <ADC>.
WARNING:Xst:2677 - Node <adcint_25> of sequential type is unconnected in block <ADC>.
WARNING:Xst:2677 - Node <adcint_26> of sequential type is unconnected in block <ADC>.
WARNING:Xst:2677 - Node <adcint_27> of sequential type is unconnected in block <ADC>.
WARNING:Xst:2677 - Node <adcint_28> of sequential type is unconnected in block <ADC>.
WARNING:Xst:2677 - Node <adcint_29> of sequential type is unconnected in block <ADC>.
WARNING:Xst:2677 - Node <adcint_30> of sequential type is unconnected in block <ADC>.
WARNING:Xst:2677 - Node <adcint_31> of sequential type is unconnected in block <ADC>.
WARNING:Xst:2677 - Node <ADCresult_0> of sequential type is unconnected in block <ADC>.
WARNING:Xst:2677 - Node <ADCresult_1> of sequential type is unconnected in block <ADC>.
WARNING:Xst:2677 - Node <ADCresult_2> of sequential type is unconnected in block <ADC>.
WARNING:Xst:2677 - Node <ADCresult_3> of sequential type is unconnected in block <ADC>.
WARNING:Xst:2677 - Node <ADCresult_4> of sequential type is unconnected in block <ADC>.
WARNING:Xst:2677 - Node <ADCresult_5> of sequential type is unconnected in block <ADC>.
WARNING:Xst:2677 - Node <ADCresult_6> of sequential type is unconnected in block <ADC>.
WARNING:Xst:2677 - Node <ADCresult_7> of sequential type is unconnected in block <ADC>.
WARNING:Xst:2677 - Node <ADCresult_8> of sequential type is unconnected in block <ADC>.
WARNING:Xst:2677 - Node <ADCresult_9> of sequential type is unconnected in block <ADC>.
WARNING:Xst:2677 - Node <ADCresult_13> of sequential type is unconnected in block <ADC>.

Synthesizing (advanced) Unit <ADC>.
INFO:Xst:3034 - In order to maximize performance and save block RAM resources, the small ROM <Mrom_led_mux0001> will be implemented on LUT. If you want to force its implementation on block, use option/constraint rom_style.
Unit <ADC> synthesized (advanced).
WARNING:Xst:2677 - Node <state_next_2> of sequential type is unconnected in block <ADC>.
WARNING:Xst:2677 - Node <data_in_14> of sequential type is unconnected in block <ADC>.
WARNING:Xst:2677 - Node <data_in_15> of sequential type is unconnected in block <ADC>.
WARNING:Xst:2677 - Node <data_in_16> of sequential type is unconnected in block <ADC>.
WARNING:Xst:2677 - Node <data_in_17> of sequential type is unconnected in block <ADC>.
WARNING:Xst:2677 - Node <data_in_18> of sequential type is unconnected in block <ADC>.
WARNING:Xst:2677 - Node <data_in_19> of sequential type is unconnected in block <ADC>.
WARNING:Xst:2677 - Node <data_in_20> of sequential type is unconnected in block <ADC>.
WARNING:Xst:2677 - Node <data_in_21> of sequential type is unconnected in block <ADC>.
WARNING:Xst:2677 - Node <data_in_22> of sequential type is unconnected in block <ADC>.
WARNING:Xst:2677 - Node <data_in_23> of sequential type is unconnected in block <ADC>.
WARNING:Xst:2677 - Node <data_in_24> of sequential type is unconnected in block <ADC>.
WARNING:Xst:2677 - Node <data_in_25> of sequential type is unconnected in block <ADC>.
WARNING:Xst:2677 - Node <data_in_26> of sequential type is unconnected in block <ADC>.
WARNING:Xst:2677 - Node <data_in_27> of sequential type is unconnected in block <ADC>.
WARNING:Xst:2677 - Node <data_in_28> of sequential type is unconnected in block <ADC>.
WARNING:Xst:2677 - Node <data_in_29> of sequential type is unconnected in block <ADC>.
WARNING:Xst:2677 - Node <data_in_30> of sequential type is unconnected in block <ADC>.
WARNING:Xst:2677 - Node <data_in_31> of sequential type is unconnected in block <ADC>.
WARNING:Xst:2677 - Node <data_in_32> of sequential type is unconnected in block <ADC>.
WARNING:Xst:2677 - Node <data_in_33> of sequential type is unconnected in block <ADC>.
WARNING:Xst:2677 - Node <state_reg_2> of sequential type is unconnected in block <ADC>.
WARNING:Xst:2677 - Node <adcint_0> of sequential type is unconnected in block <ADC>.
WARNING:Xst:2677 - Node <adcint_1> of sequential type is unconnected in block <ADC>.
WARNING:Xst:2677 - Node <adcint_2> of sequential type is unconnected in block <ADC>.
WARNING:Xst:2677 - Node <adcint_3> of sequential type is unconnected in block <ADC>.
WARNING:Xst:2677 - Node <adcint_4> of sequential type is unconnected in block <ADC>.
WARNING:Xst:2677 - Node <adcint_5> of sequential type is unconnected in block <ADC>.
WARNING:Xst:2677 - Node <adcint_6> of sequential type is unconnected in block <ADC>.
WARNING:Xst:2677 - Node <adcint_7> of sequential type is unconnected in block <ADC>.
WARNING:Xst:2677 - Node <adcint_8> of sequential type is unconnected in block <ADC>.
WARNING:Xst:2677 - Node <adcint_9> of sequential type is unconnected in block <ADC>.
WARNING:Xst:2677 - Node <adcint_13> of sequential type is unconnected in block <ADC>.
WARNING:Xst:2677 - Node <adcint_14> of sequential type is unconnected in block <ADC>.
WARNING:Xst:2677 - Node <adcint_15> of sequential type is unconnected in block <ADC>.
WARNING:Xst:2677 - Node <adcint_16> of sequential type is unconnected in block <ADC>.
WARNING:Xst:2677 - Node <adcint_17> of sequential type is unconnected in block <ADC>.
WARNING:Xst:2677 - Node <adcint_18> of sequential type is unconnected in block <ADC>.
WARNING:Xst:2677 - Node <adcint_19> of sequential type is unconnected in block <ADC>.
WARNING:Xst:2677 - Node <adcint_20> of sequential type is unconnected in block <ADC>.
WARNING:Xst:2677 - Node <adcint_21> of sequential type is unconnected in block <ADC>.
WARNING:Xst:2677 - Node <adcint_22> of sequential type is unconnected in block <ADC>.
WARNING:Xst:2677 - Node <adcint_23> of sequential type is unconnected in block <ADC>.
WARNING:Xst:2677 - Node <adcint_24> of sequential type is unconnected in block <ADC>.
WARNING:Xst:2677 - Node <adcint_25> of sequential type is unconnected in block <ADC>.
WARNING:Xst:2677 - Node <adcint_26> of sequential type is unconnected in block <ADC>.
WARNING:Xst:2677 - Node <adcint_27> of sequential type is unconnected in block <ADC>.
WARNING:Xst:2677 - Node <adcint_28> of sequential type is unconnected in block <ADC>.
WARNING:Xst:2677 - Node <adcint_29> of sequential type is unconnected in block <ADC>.
WARNING:Xst:2677 - Node <adcint_30> of sequential type is unconnected in block <ADC>.
WARNING:Xst:2677 - Node <adcint_31> of sequential type is unconnected in block <ADC>.
WARNING:Xst:2677 - Node <ADCresult_0> of sequential type is unconnected in block <ADC>.
WARNING:Xst:2677 - Node <ADCresult_1> of sequential type is unconnected in block <ADC>.
WARNING:Xst:2677 - Node <ADCresult_2> of sequential type is unconnected in block <ADC>.
WARNING:Xst:2677 - Node <ADCresult_3> of sequential type is unconnected in block <ADC>.
WARNING:Xst:2677 - Node <ADCresult_4> of sequential type is unconnected in block <ADC>.
WARNING:Xst:2677 - Node <ADCresult_5> of sequential type is unconnected in block <ADC>.
WARNING:Xst:2677 - Node <ADCresult_6> of sequential type is unconnected in block <ADC>.
WARNING:Xst:2677 - Node <ADCresult_7> of sequential type is unconnected in block <ADC>.
WARNING:Xst:2677 - Node <ADCresult_8> of sequential type is unconnected in block <ADC>.
WARNING:Xst:2677 - Node <ADCresult_9> of sequential type is unconnected in block <ADC>.
WARNING:Xst:2677 - Node <ADCresult_13> of sequential type is unconnected in block <ADC>.

=========================================================================
Advanced HDL Synthesis Report

Macro Statistics
# ROMs                                                 : 1
 8x8-bit ROM                                           : 1
# Counters                                             : 2
 3-bit up counter                                      : 1
 6-bit down counter                                    : 1
# Registers                                            : 43
 Flip-Flops                                            : 43

=========================================================================

=========================================================================
*                         Low Level Synthesis                           *
=========================================================================
WARNING:Xst:1426 - The value init of the FF/Latch vector_out_0 hinder the constant cleaning in the block ADC.
   You should achieve better results by setting this init to 0.
WARNING:Xst:1293 - FF/Latch <led_0> has a constant value of 1 in block <ADC>. This FF/Latch will be trimmed during the optimization process.

Optimizing unit <ADC> ...

Mapping all equations...
Building and optimizing final netlist ...
Found area constraint ratio of 100 (+ 5) on block ADC, actual ratio is 0.

Final Macro Processing ...

Processing Unit <ADC> :
	Found 11-bit shift register for signal <data_in_11>.
	Found 9-bit shift register for signal <SPI_MOSI_OBUF>.
	Found 2-bit shift register for signal <ADCresult_10>.
	Found 2-bit shift register for signal <ADCresult_11>.
	Found 2-bit shift register for signal <ADCresult_12>.
Unit <ADC> processed.

=========================================================================
Final Register Report

Macro Statistics
# Registers                                            : 25
 Flip-Flops                                            : 25
# Shift Registers                                      : 5
 11-bit shift register                                 : 1
 2-bit shift register                                  : 3
 9-bit shift register                                  : 1

=========================================================================

=========================================================================
*                           Partition Report                            *
=========================================================================

Partition Implementation Status
-------------------------------

  No Partitions were found in this design.

-------------------------------

=========================================================================
*                            Final Report                               *
=========================================================================
Final Results
RTL Top Level Output File Name     : ADC.ngr
Top Level Output File Name         : ADC
Output Format                      : NGC
Optimization Goal                  : Speed
Keep Hierarchy                     : No

Design Statistics
# IOs                              : 21

Cell Usage :
# BELS                             : 39
#      GND                         : 1
#      INV                         : 1
#      LUT2                        : 7
#      LUT3                        : 8
#      LUT3_D                      : 1
#      LUT3_L                      : 2
#      LUT4                        : 12
#      LUT4_D                      : 1
#      LUT4_L                      : 1
#      MUXF5                       : 4
#      VCC                         : 1
# FlipFlops/Latches                : 30
#      FD                          : 4
#      FD_1                        : 2
#      FDE_1                       : 16
#      FDR                         : 5
#      FDR_1                       : 1
#      FDS                         : 2
# Shift Registers                  : 5
#      SRL16E_1                    : 5
# Clock Buffers                    : 2
#      BUFG                        : 1
#      BUFGP                       : 1
# IO Buffers                       : 19
#      IBUF                        : 1
#      OBUF                        : 18
=========================================================================

Device utilization summary:
---------------------------

Selected Device : 3s500efg320-4 

 Number of Slices:                       25  out of   4656     0%  
 Number of Slice Flip Flops:             30  out of   9312     0%  
 Number of 4 input LUTs:                 38  out of   9312     0%  
    Number used as logic:                33
    Number used as Shift registers:       5
 Number of IOs:                          21
 Number of bonded IOBs:                  20  out of    232     8%  
 Number of GCLKs:                         2  out of     24     8%  

---------------------------
Partition Resource Summary:
---------------------------

  No Partitions were found in this design.

---------------------------


=========================================================================
TIMING REPORT

NOTE: THESE TIMING NUMBERS ARE ONLY A SYNTHESIS ESTIMATE.
      FOR ACCURATE TIMING INFORMATION PLEASE REFER TO THE TRACE REPORT
      GENERATED AFTER PLACE-and-ROUTE.

Clock Information:
------------------
-----------------------------------+------------------------+-------+
Clock Signal                       | Clock buffer(FF name)  | Load  |
-----------------------------------+------------------------+-------+
clk_counter_21                     | BUFG                   | 32    |
clk                                | BUFGP                  | 3     |
-----------------------------------+------------------------+-------+

Asynchronous Control Signals Information:
----------------------------------------
No asynchronous control signals found in this design

Timing Summary:
---------------
Speed Grade: -4

   Minimum period: 9.256ns (Maximum Frequency: 108.038MHz)
   Minimum input arrival time before clock: 1.946ns
   Maximum output required time after clock: 4.450ns
   Maximum combinational path delay: No path found

Timing Detail:
--------------
All values displayed in nanoseconds (ns)

=========================================================================
Timing constraint: Default period analysis for Clock 'clk_counter_21'
  Clock period: 9.256ns (frequency: 108.038MHz)
  Total number of paths / destination ports: 253 / 58
-------------------------------------------------------------------------
Delay:               4.628ns (Levels of Logic = 2)
  Source:            counter_0 (FF)
  Destination:       led_1 (FF)
  Source Clock:      clk_counter_21 rising
  Destination Clock: clk_counter_21 falling

  Data Path: counter_0 to led_1
                                Gate     Net
    Cell:in->out      fanout   Delay   Delay  Logical Name (Net Name)
    ----------------------------------------  ------------
     FDR:C->Q             13   0.591   0.987  counter_0 (counter_0)
     LUT4_L:I3->LO         1   0.704   0.104  led_not00011_SW0 (N24)
     LUT4:I3->O           13   0.704   0.983  led_not00011 (led_not0001)
     FDE_1:CE                  0.555          led_1
    ----------------------------------------
    Total                      4.628ns (2.554ns logic, 2.074ns route)
                                       (55.2% logic, 44.8% route)

=========================================================================
Timing constraint: Default period analysis for Clock 'clk'
  Clock period: 2.309ns (frequency: 433.088MHz)
  Total number of paths / destination ports: 6 / 3
-------------------------------------------------------------------------
Delay:               2.309ns (Levels of Logic = 1)
  Source:            clk_counter_0 (FF)
  Destination:       clk_counter_2 (FF)
  Source Clock:      clk rising
  Destination Clock: clk rising

  Data Path: clk_counter_0 to clk_counter_2
                                Gate     Net
    Cell:in->out      fanout   Delay   Delay  Logical Name (Net Name)
    ----------------------------------------  ------------
     FDR:C->Q              3   0.591   0.706  clk_counter_0 (clk_counter_0)
     LUT3:I0->O            1   0.704   0.000  Mcount_clk_counter_xor<2>11 (Result<2>)
     FD:D                      0.308          clk_counter_2
    ----------------------------------------
    Total                      2.309ns (1.603ns logic, 0.706ns route)
                                       (69.4% logic, 30.6% route)

=========================================================================
Timing constraint: Default OFFSET IN BEFORE for Clock 'clk_counter_21'
  Total number of paths / destination ports: 1 / 1
-------------------------------------------------------------------------
Offset:              1.946ns (Levels of Logic = 1)
  Source:            SPI_MISO (PAD)
  Destination:       data_in_0 (FF)
  Destination Clock: clk_counter_21 falling

  Data Path: SPI_MISO to data_in_0
                                Gate     Net
    Cell:in->out      fanout   Delay   Delay  Logical Name (Net Name)
    ----------------------------------------  ------------
     IBUF:I->O             1   1.218   0.420  SPI_MISO_IBUF (SPI_MISO_IBUF)
     FDE_1:D                   0.308          data_in_0
    ----------------------------------------
    Total                      1.946ns (1.526ns logic, 0.420ns route)
                                       (78.4% logic, 21.6% route)

=========================================================================
Timing constraint: Default OFFSET OUT AFTER for Clock 'clk_counter_21'
  Total number of paths / destination ports: 10 / 10
-------------------------------------------------------------------------
Offset:              4.450ns (Levels of Logic = 1)
  Source:            AD_CONV (FF)
  Destination:       AD_CONV (PAD)
  Source Clock:      clk_counter_21 falling

  Data Path: AD_CONV to AD_CONV
                                Gate     Net
    Cell:in->out      fanout   Delay   Delay  Logical Name (Net Name)
    ----------------------------------------  ------------
     FD_1:C->Q             4   0.591   0.587  AD_CONV (AD_CONV_OBUF)
     OBUF:I->O                 3.272          AD_CONV_OBUF (AD_CONV)
    ----------------------------------------
    Total                      4.450ns (3.863ns logic, 0.587ns route)
                                       (86.8% logic, 13.2% route)

=========================================================================
Timing constraint: Default OFFSET OUT AFTER for Clock 'clk'
  Total number of paths / destination ports: 1 / 1
-------------------------------------------------------------------------
Offset:              4.394ns (Levels of Logic = 1)
  Source:            clk_counter_2 (FF)
  Destination:       SPI_SCK (PAD)
  Source Clock:      clk rising

  Data Path: clk_counter_2 to SPI_SCK
                                Gate     Net
    Cell:in->out      fanout   Delay   Delay  Logical Name (Net Name)
    ----------------------------------------  ------------
     FD:C->Q               3   0.591   0.531  clk_counter_2 (clk_counter_21)
     OBUF:I->O                 3.272          SPI_SCK_OBUF (SPI_SCK)
    ----------------------------------------
    Total                      4.394ns (3.863ns logic, 0.531ns route)
                                       (87.9% logic, 12.1% route)

=========================================================================


Total REAL time to Xst completion: 6.00 secs
Total CPU time to Xst completion: 5.56 secs
 
--> 

Total memory usage is 255488 kilobytes

Number of errors   :    0 (   0 filtered)
Number of warnings :  136 (   0 filtered)
Number of infos    :    2 (   0 filtered)

