Release 14.5 - xst P.58f (nt64)
Copyright (c) 1995-2012 Xilinx, Inc.  All rights reserved.
--> Parameter TMPDIR set to xst/projnav.tmp


Total REAL time to Xst completion: 0.00 secs
Total CPU time to Xst completion: 0.12 secs
 
--> Parameter xsthdpdir set to xst


Total REAL time to Xst completion: 0.00 secs
Total CPU time to Xst completion: 0.12 secs
 
--> Reading design: tecladops2.prj

TABLE OF CONTENTS
  1) Synthesis Options Summary
  2) HDL Compilation
  3) Design Hierarchy Analysis
  4) HDL Analysis
  5) HDL Synthesis
     5.1) HDL Synthesis Report
  6) Advanced HDL Synthesis
     6.1) Advanced HDL Synthesis Report
  7) Low Level Synthesis
  8) Partition Report
  9) Final Report
	9.1) Device utilization summary
	9.2) Partition Resource Summary
	9.3) TIMING REPORT


=========================================================================
*                      Synthesis Options Summary                        *
=========================================================================
---- Source Parameters
Input File Name                    : "tecladops2.prj"
Input Format                       : mixed
Ignore Synthesis Constraint File   : NO

---- Target Parameters
Output File Name                   : "tecladops2"
Output Format                      : NGC
Target Device                      : xc3s500e-4-fg320

---- Source Options
Top Module Name                    : tecladops2
Automatic FSM Extraction           : YES
FSM Encoding Algorithm             : Auto
Safe Implementation                : No
FSM Style                          : LUT
RAM Extraction                     : Yes
RAM Style                          : Auto
ROM Extraction                     : Yes
Mux Style                          : Auto
Decoder Extraction                 : YES
Priority Encoder Extraction        : Yes
Shift Register Extraction          : YES
Logical Shifter Extraction         : YES
XOR Collapsing                     : YES
ROM Style                          : Auto
Mux Extraction                     : Yes
Resource Sharing                   : YES
Asynchronous To Synchronous        : NO
Multiplier Style                   : Auto
Automatic Register Balancing       : No

---- Target Options
Add IO Buffers                     : YES
Global Maximum Fanout              : 500
Add Generic Clock Buffer(BUFG)     : 24
Register Duplication               : YES
Slice Packing                      : YES
Optimize Instantiated Primitives   : NO
Use Clock Enable                   : Yes
Use Synchronous Set                : Yes
Use Synchronous Reset              : Yes
Pack IO Registers into IOBs        : Auto
Equivalent register Removal        : YES

---- General Options
Optimization Goal                  : Speed
Optimization Effort                : 1
Keep Hierarchy                     : No
Netlist Hierarchy                  : As_Optimized
RTL Output                         : Yes
Global Optimization                : AllClockNets
Read Cores                         : YES
Write Timing Constraints           : NO
Cross Clock Analysis               : NO
Hierarchy Separator                : /
Bus Delimiter                      : <>
Case Specifier                     : Maintain
Slice Utilization Ratio            : 100
BRAM Utilization Ratio             : 100
Verilog 2001                       : YES
Auto BRAM Packing                  : NO
Slice Utilization Ratio Delta      : 5

=========================================================================


=========================================================================
*                          HDL Compilation                              *
=========================================================================
Compiling vhdl file "C:/Users/aula2.ELE/Lab05/tecladops2.vhd" in Library work.
Entity <tecladops2> compiled.
Entity <tecladops2> (Architecture <behavioral>) compiled.

=========================================================================
*                     Design Hierarchy Analysis                         *
=========================================================================
Analyzing hierarchy for entity <tecladops2> in library <work> (architecture <behavioral>).


=========================================================================
*                            HDL Analysis                               *
=========================================================================
Analyzing Entity <tecladops2> in library <work> (Architecture <behavioral>).
Entity <tecladops2> analyzed. Unit <tecladops2> generated.


=========================================================================
*                           HDL Synthesis                               *
=========================================================================

Performing bidirectional port resolution...

Synthesizing Unit <tecladops2>.
    Related source file is "C:/Users/aula2.ELE/Lab05/tecladops2.vhd".
WARNING:Xst:647 - Input <clk> is never used. This port will be preserved and left unconnected if it belongs to a top-level block or it belongs to a sub-block and the hierarchy of this sub-block is preserved.
    Using one-hot encoding for signal <present_state>.
INFO:Xst:2117 - HDL ADVISOR - Mux Selector <present_state> of Case statement line 61 was re-encoded using one-hot encoding. The case statement will be optimized (default statement optimization), but this optimization may lead to design initialization problems. To ensure the design works safely, you can:
   	- add an 'INIT' attribute on signal <present_state> (optimization is then done without any risk)
   	- use the attribute 'signal_encoding user' to avoid onehot optimization
   	- use the attribute 'safe_implementation yes' to force XST to perform a safe (but less efficient) optimization
    Found 8-bit register for signal <display>.
    Found 3-bit register for signal <counter>.
    Found 3-bit adder for signal <counter$addsub0000> created at line 73.
    Found 8-bit register for signal <dataVector>.
    Found 3-bit register for signal <next_state>.
    Found 3-bit register for signal <present_state>.
    Summary:
	inferred  22 D-type flip-flop(s).
	inferred   1 Adder/Subtractor(s).
Unit <tecladops2> synthesized.


=========================================================================
HDL Synthesis Report

Macro Statistics
# Adders/Subtractors                                   : 1
 3-bit adder                                           : 1
# Registers                                            : 5
 3-bit register                                        : 3
 8-bit register                                        : 2

=========================================================================

=========================================================================
*                       Advanced HDL Synthesis                          *
=========================================================================


=========================================================================
Advanced HDL Synthesis Report

Macro Statistics
# Adders/Subtractors                                   : 1
 3-bit adder                                           : 1
# Registers                                            : 25
 Flip-Flops                                            : 25

=========================================================================

=========================================================================
*                         Low Level Synthesis                           *
=========================================================================

Optimizing unit <tecladops2> ...

Mapping all equations...
Building and optimizing final netlist ...
Found area constraint ratio of 100 (+ 5) on block tecladops2, actual ratio is 0.

Final Macro Processing ...

=========================================================================
Final Register Report

Macro Statistics
# Registers                                            : 25
 Flip-Flops                                            : 25

=========================================================================

=========================================================================
*                           Partition Report                            *
=========================================================================

Partition Implementation Status
-------------------------------

  No Partitions were found in this design.

-------------------------------

=========================================================================
*                            Final Report                               *
=========================================================================
Final Results
RTL Top Level Output File Name     : tecladops2.ngr
Top Level Output File Name         : tecladops2
Output Format                      : NGC
Optimization Goal                  : Speed
Keep Hierarchy                     : No

Design Statistics
# IOs                              : 12

Cell Usage :
# BELS                             : 19
#      LUT2                        : 1
#      LUT3                        : 1
#      LUT3_D                      : 1
#      LUT4                        : 14
#      LUT4_D                      : 1
#      MUXF5                       : 1
# FlipFlops/Latches                : 25
#      FD                          : 13
#      FDC_1                       : 2
#      FDE                         : 8
#      FDP_1                       : 1
#      FDS                         : 1
# Clock Buffers                    : 1
#      BUFGP                       : 1
# IO Buffers                       : 10
#      IBUF                        : 2
#      OBUF                        : 8
=========================================================================

Device utilization summary:
---------------------------

Selected Device : 3s500efg320-4 

 Number of Slices:                       16  out of   4656     0%  
 Number of Slice Flip Flops:             25  out of   9312     0%  
 Number of 4 input LUTs:                 18  out of   9312     0%  
 Number of IOs:                          12
 Number of bonded IOBs:                  11  out of    232     4%  
 Number of GCLKs:                         1  out of     24     4%  

---------------------------
Partition Resource Summary:
---------------------------

  No Partitions were found in this design.

---------------------------


=========================================================================
TIMING REPORT

NOTE: THESE TIMING NUMBERS ARE ONLY A SYNTHESIS ESTIMATE.
      FOR ACCURATE TIMING INFORMATION PLEASE REFER TO THE TRACE REPORT
      GENERATED AFTER PLACE-and-ROUTE.

Clock Information:
------------------
-----------------------------------+------------------------+-------+
Clock Signal                       | Clock buffer(FF name)  | Load  |
-----------------------------------+------------------------+-------+
clkTeclado                         | BUFGP                  | 25    |
-----------------------------------+------------------------+-------+

Asynchronous Control Signals Information:
----------------------------------------
-----------------------------------+------------------------+-------+
Control Signal                     | Buffer(FF name)        | Load  |
-----------------------------------+------------------------+-------+
reset                              | IBUF                   | 3     |
-----------------------------------+------------------------+-------+

Timing Summary:
---------------
Speed Grade: -4

   Minimum period: 8.172ns (Maximum Frequency: 122.369MHz)
   Minimum input arrival time before clock: 4.443ns
   Maximum output required time after clock: 4.283ns
   Maximum combinational path delay: No path found

Timing Detail:
--------------
All values displayed in nanoseconds (ns)

=========================================================================
Timing constraint: Default period analysis for Clock 'clkTeclado'
  Clock period: 8.172ns (frequency: 122.369MHz)
  Total number of paths / destination ports: 94 / 34
-------------------------------------------------------------------------
Delay:               4.086ns (Levels of Logic = 2)
  Source:            present_state_1 (FF)
  Destination:       dataVector_1 (FF)
  Source Clock:      clkTeclado falling
  Destination Clock: clkTeclado rising

  Data Path: present_state_1 to dataVector_1
                                Gate     Net
    Cell:in->out      fanout   Delay   Delay  Logical Name (Net Name)
    ----------------------------------------  ------------
     FDC_1:C->Q           13   0.591   1.018  present_state_1 (present_state_1)
     LUT3_D:I2->O          8   0.704   0.761  counter_mux0000<2>11 (N01)
     LUT4:I3->O            1   0.704   0.000  dataVector_mux0000<6>1 (dataVector_mux0000<6>)
     FD:D                      0.308          dataVector_1
    ----------------------------------------
    Total                      4.086ns (2.307ns logic, 1.779ns route)
                                       (56.5% logic, 43.5% route)

=========================================================================
Timing constraint: Default OFFSET IN BEFORE for Clock 'clkTeclado'
  Total number of paths / destination ports: 14 / 14
-------------------------------------------------------------------------
Offset:              4.443ns (Levels of Logic = 3)
  Source:            serialTeclado (PAD)
  Destination:       dataVector_1 (FF)
  Destination Clock: clkTeclado rising

  Data Path: serialTeclado to dataVector_1
                                Gate     Net
    Cell:in->out      fanout   Delay   Delay  Logical Name (Net Name)
    ----------------------------------------  ------------
     IBUF:I->O             6   1.218   0.748  serialTeclado_IBUF (serialTeclado_IBUF)
     LUT3_D:I1->O          8   0.704   0.761  counter_mux0000<2>11 (N01)
     LUT4:I3->O            1   0.704   0.000  dataVector_mux0000<6>1 (dataVector_mux0000<6>)
     FD:D                      0.308          dataVector_1
    ----------------------------------------
    Total                      4.443ns (2.934ns logic, 1.509ns route)
                                       (66.0% logic, 34.0% route)

=========================================================================
Timing constraint: Default OFFSET OUT AFTER for Clock 'clkTeclado'
  Total number of paths / destination ports: 8 / 8
-------------------------------------------------------------------------
Offset:              4.283ns (Levels of Logic = 1)
  Source:            display_7 (FF)
  Destination:       display<7> (PAD)
  Source Clock:      clkTeclado rising

  Data Path: display_7 to display<7>
                                Gate     Net
    Cell:in->out      fanout   Delay   Delay  Logical Name (Net Name)
    ----------------------------------------  ------------
     FDE:C->Q              1   0.591   0.420  display_7 (display_7)
     OBUF:I->O                 3.272          display_7_OBUF (display<7>)
    ----------------------------------------
    Total                      4.283ns (3.863ns logic, 0.420ns route)
                                       (90.2% logic, 9.8% route)

=========================================================================


Total REAL time to Xst completion: 5.00 secs
Total CPU time to Xst completion: 4.92 secs
 
--> 

Total memory usage is 254096 kilobytes

Number of errors   :    0 (   0 filtered)
Number of warnings :    1 (   0 filtered)
Number of infos    :    1 (   0 filtered)

