Running: C:\Xilinx\14.7\ISE_DS\ISE\bin\nt64\unwrapped\fuse.exe -intstyle ise -incremental -o C:/Users/aula.ELE/Desktop/Lab07/DAC_Test_isim_beh.exe -prj C:/Users/aula.ELE/Desktop/Lab07/DAC_Test_beh.prj work.DAC_Test 
ISim P.20131013 (signature 0x7708f090)
Number of CPUs detected in this system: 8
Turning on mult-threading, number of parallel sub-compilation jobs: 16 
Determining compilation order of HDL files
Parsing VHDL file "C:/Users/aula.ELE/Desktop/Lab07/DAC.vhd" into library work
Parsing VHDL file "C:/Users/aula.ELE/Desktop/Lab07/DAC_Test.vhd" into library work
Starting static elaboration
Completed static elaboration
Compiling package standard
Compiling package std_logic_1164
Compiling package numeric_std
Compiling architecture behavioral of entity DAC [dac_default]
Compiling architecture behavior of entity dac_test
Time Resolution for simulation is 1ps.
Waiting for 1 sub-compilation(s) to finish...
Compiled 6 VHDL Units
Built simulation executable C:/Users/aula.ELE/Desktop/Lab07/DAC_Test_isim_beh.exe
Fuse Memory Usage: 36836 KB
Fuse CPU Usage: 685 ms
