--------------------------------------------------------------------------------
Release 14.7 Trace  (nt64)
Copyright (c) 1995-2013 Xilinx, Inc.  All rights reserved.

C:\Xilinx\14.7\ISE_DS\ISE\bin\nt64\unwrapped\trce.exe -intstyle ise -v 3 -s 5
-n 3 -fastpaths -xml TecladoArq.twx TecladoArq.ncd -o TecladoArq.twr
TecladoArq.pcf -ucf tecladoConstraints.ucf

Design file:              TecladoArq.ncd
Physical constraint file: TecladoArq.pcf
Device,package,speed:     xc3s500e,fg320,-5 (PRODUCTION 1.27 2013-10-13)
Report level:             verbose report

Environment Variable      Effect 
--------------------      ------ 
NONE                      No environment variables were set
--------------------------------------------------------------------------------

INFO:Timing:2698 - No timing constraints found, doing default enumeration.
INFO:Timing:3412 - To improve timing, see the Timing Closure User Guide (UG612).
INFO:Timing:2752 - To get complete path coverage, use the unconstrained paths 
   option. All paths that are not constrained will be reported in the 
   unconstrained paths section(s) of the report.
INFO:Timing:3339 - The clock-to-out numbers in this timing report are based on 
   a 50 Ohm transmission line loading model.  For the details of this model, 
   and for more information on accounting for different loading conditions, 
   please see the device datasheet.
INFO:Timing:3390 - This architecture does not support a default System Jitter 
   value, please add SYSTEM_JITTER constraint to the UCF to modify the Clock 
   Uncertainty calculation.
INFO:Timing:3389 - This architecture does not support 'Discrete Jitter' and 
   'Phase Error' calculations, these terms will be zero in the Clock 
   Uncertainty calculation.  Please make appropriate modification to 
   SYSTEM_JITTER to account for the unsupported Discrete Jitter and Phase 
   Error.



Data Sheet report:
-----------------
All values displayed in nanoseconds (ns)

Setup/Hold to clock clk
------------+------------+------------+------------------+--------+
            |Max Setup to|Max Hold to |                  | Clock  |
Source      | clk (edge) | clk (edge) |Internal Clock(s) | Phase  |
------------+------------+------------+------------------+--------+
row<0>      |    3.966(R)|    0.024(R)|clk_BUFGP         |   0.000|
row<1>      |    4.307(R)|    0.051(R)|clk_BUFGP         |   0.000|
row<2>      |    4.193(R)|   -0.139(R)|clk_BUFGP         |   0.000|
row<3>      |    4.288(R)|   -0.072(R)|clk_BUFGP         |   0.000|
------------+------------+------------+------------------+--------+

Clock clk to Pad
------------+------------+------------------+--------+
            | clk (edge) |                  | Clock  |
Destination |   to PAD   |Internal Clock(s) | Phase  |
------------+------------+------------------+--------+
an<0>       |    9.250(R)|clk_BUFGP         |   0.000|
an<1>       |    9.484(R)|clk_BUFGP         |   0.000|
col<0>      |    6.952(R)|clk_BUFGP         |   0.000|
col<1>      |    7.099(R)|clk_BUFGP         |   0.000|
col<2>      |    7.547(R)|clk_BUFGP         |   0.000|
col<3>      |    7.595(R)|clk_BUFGP         |   0.000|
sseg<0>     |   13.563(R)|clk_BUFGP         |   0.000|
sseg<1>     |   11.697(R)|clk_BUFGP         |   0.000|
sseg<2>     |   13.468(R)|clk_BUFGP         |   0.000|
sseg<3>     |   14.919(R)|clk_BUFGP         |   0.000|
sseg<4>     |   12.520(R)|clk_BUFGP         |   0.000|
sseg<5>     |   13.263(R)|clk_BUFGP         |   0.000|
sseg<6>     |   13.804(R)|clk_BUFGP         |   0.000|
sseg<7>     |    7.299(R)|clk_BUFGP         |   0.000|
------------+------------+------------------+--------+

Clock to Setup on destination clock clk
---------------+---------+---------+---------+---------+
               | Src:Rise| Src:Fall| Src:Rise| Src:Fall|
Source Clock   |Dest:Rise|Dest:Rise|Dest:Fall|Dest:Fall|
---------------+---------+---------+---------+---------+
clk            |    4.318|         |         |         |
---------------+---------+---------+---------+---------+


Analysis completed Mon Sep 17 12:03:35 2018 
--------------------------------------------------------------------------------

Trace Settings:
-------------------------
Trace Settings 

Peak Memory Usage: 166 MB



