Running: C:\Xilinx\14.5\ISE_DS\ISE\bin\nt64\unwrapped\fuse.exe -intstyle ise -incremental -o C:/Users/aula.ELE/Lab01/TB_Comparador2bits_isim_beh.exe -prj C:/Users/aula.ELE/Lab01/TB_Comparador2bits_beh.prj work.TB_Comparador2bits 
ISim P.58f (signature 0x7708f090)
Number of CPUs detected in this system: 8
Turning on mult-threading, number of parallel sub-compilation jobs: 16 
Determining compilation order of HDL files
Parsing VHDL file "C:/Users/aula.ELE/Lab01/comparador.vhd" into library work
Parsing VHDL file "C:/Users/aula.ELE/Lab01/comparador2bits.vhd" into library work
Parsing VHDL file "C:/Users/aula.ELE/Lab01/TB_Comparador2bits.vhd" into library work
Starting static elaboration
Completed static elaboration
Compiling package standard
Compiling package std_logic_1164
Compiling architecture behavioral of entity comparadora [comparadora_default]
Compiling architecture behavioral of entity comparador2bits [comparador2bits_default]
Compiling architecture behavior of entity tb_comparador2bits
Time Resolution for simulation is 1ps.
Waiting for 1 sub-compilation(s) to finish...
Compiled 7 VHDL Units
Built simulation executable C:/Users/aula.ELE/Lab01/TB_Comparador2bits_isim_beh.exe
Fuse Memory Usage: 30464 KB
Fuse CPU Usage: 545 ms
