--------------------------------------------------------------------------------
Release 14.7 Trace  (nt64)
Copyright (c) 1995-2013 Xilinx, Inc.  All rights reserved.

C:\Xilinx\14.7\ISE_DS\ISE\bin\nt64\unwrapped\trce.exe -filter
D:/Lab03/iseconfig/filter.filter -intstyle ise -v 3 -s 4 -n 3 -fastpaths -xml
db_fsm.twx db_fsm.ncd -o db_fsm.twr db_fsm.pcf -ucf lab03_constraints.ucf

Design file:              db_fsm.ncd
Physical constraint file: db_fsm.pcf
Device,package,speed:     xc3s500e,fg320,-4 (PRODUCTION 1.27 2013-10-13)
Report level:             verbose report

Environment Variable      Effect 
--------------------      ------ 
NONE                      No environment variables were set
--------------------------------------------------------------------------------

INFO:Timing:2698 - No timing constraints found, doing default enumeration.
INFO:Timing:3412 - To improve timing, see the Timing Closure User Guide (UG612).
INFO:Timing:2752 - To get complete path coverage, use the unconstrained paths 
   option. All paths that are not constrained will be reported in the 
   unconstrained paths section(s) of the report.
INFO:Timing:3339 - The clock-to-out numbers in this timing report are based on 
   a 50 Ohm transmission line loading model.  For the details of this model, 
   and for more information on accounting for different loading conditions, 
   please see the device datasheet.
INFO:Timing:3390 - This architecture does not support a default System Jitter 
   value, please add SYSTEM_JITTER constraint to the UCF to modify the Clock 
   Uncertainty calculation.
INFO:Timing:3389 - This architecture does not support 'Discrete Jitter' and 
   'Phase Error' calculations, these terms will be zero in the Clock 
   Uncertainty calculation.  Please make appropriate modification to 
   SYSTEM_JITTER to account for the unsupported Discrete Jitter and Phase 
   Error.



Data Sheet report:
-----------------
All values displayed in nanoseconds (ns)

Setup/Hold to clock clk
------------+------------+------------+------------------+--------+
            |Max Setup to|Max Hold to |                  | Clock  |
Source      | clk (edge) | clk (edge) |Internal Clock(s) | Phase  |
------------+------------+------------+------------------+--------+
reset       |    3.467(R)|   -0.401(R)|clk_BUFGP         |   0.000|
rotary_a_in |    0.628(R)|    0.713(R)|clk_BUFGP         |   0.000|
rotary_b_in |    0.480(R)|    0.832(R)|clk_BUFGP         |   0.000|
sw          |    4.317(R)|   -1.049(R)|clk_BUFGP         |   0.000|
------------+------------+------------+------------------+--------+

Clock clk to Pad
------------+------------+------------------+--------+
            | clk (edge) |                  | Clock  |
Destination |   to PAD   |Internal Clock(s) | Phase  |
------------+------------+------------------+--------+
led<0>      |    7.876(R)|clk_BUFGP         |   0.000|
led<1>      |    7.816(R)|clk_BUFGP         |   0.000|
led<2>      |    7.882(R)|clk_BUFGP         |   0.000|
led<3>      |    7.798(R)|clk_BUFGP         |   0.000|
led<4>      |    7.831(R)|clk_BUFGP         |   0.000|
led<5>      |    7.811(R)|clk_BUFGP         |   0.000|
led<6>      |    8.329(R)|clk_BUFGP         |   0.000|
led<7>      |    8.449(R)|clk_BUFGP         |   0.000|
------------+------------+------------------+--------+

Clock to Setup on destination clock clk
---------------+---------+---------+---------+---------+
               | Src:Rise| Src:Fall| Src:Rise| Src:Fall|
Source Clock   |Dest:Rise|Dest:Rise|Dest:Fall|Dest:Fall|
---------------+---------+---------+---------+---------+
clk            |    3.946|         |         |         |
---------------+---------+---------+---------+---------+


Analysis completed Mon Sep 03 12:57:46 2018 
--------------------------------------------------------------------------------

Trace Settings:
-------------------------
Trace Settings 

Peak Memory Usage: 165 MB



